{"/home/travis/build/npmtest/node-npmtest-jscs/test.js":{"path":"/home/travis/build/npmtest/node-npmtest-jscs/test.js","s":{"1":2,"2":2,"3":2,"4":2,"5":2,"6":2,"7":2,"8":1,"9":2,"10":2,"11":1,"12":1,"13":1,"14":1,"15":2,"16":2,"17":2,"18":2,"19":1,"20":1,"21":2,"22":2,"23":2,"24":1,"25":1,"26":1,"27":1,"28":1,"29":1,"30":1,"31":1,"32":1,"33":1,"34":1,"35":1,"36":1,"37":2,"38":2,"39":1,"40":2,"41":2,"42":1,"43":2,"44":2,"45":1,"46":2,"47":2,"48":1,"49":1,"50":1,"51":1,"52":1},"b":{"1":[2,1,1,1],"2":[1,1,1,1],"3":[1,1],"4":[1,1],"5":[1,1],"6":[1,1],"7":[1,1],"8":[1,1],"9":[1,1,1],"10":[1,1],"11":[1,1],"12":[1,1],"13":[1,1],"14":[1,1],"15":[1,1],"16":[1,1]},"f":{"1":2,"2":2,"3":2,"4":2,"5":2,"6":1,"7":1,"8":2,"9":2,"10":2,"11":2,"12":1},"fnMap":{"1":{"name":"(anonymous_1)","line":12,"loc":{"start":{"line":12,"column":1},"end":{"line":12,"column":13}}},"2":{"name":"(anonymous_2)","line":19,"loc":{"start":{"line":19,"column":5},"end":{"line":19,"column":17}}},"3":{"name":"(anonymous_3)","line":23,"loc":{"start":{"line":23,"column":24},"end":{"line":23,"column":36}}},"4":{"name":"(anonymous_4)","line":61,"loc":{"start":{"line":61,"column":5},"end":{"line":61,"column":17}}},"5":{"name":"(anonymous_5)","line":82,"loc":{"start":{"line":82,"column":5},"end":{"line":82,"column":17}}},"6":{"name":"(anonymous_6)","line":102,"loc":{"start":{"line":102,"column":83},"end":{"line":105,"column":10}},"skip":true},"7":{"name":"(anonymous_7)","line":113,"loc":{"start":{"line":113,"column":77},"end":{"line":116,"column":10}},"skip":true},"8":{"name":"(anonymous_8)","line":129,"loc":{"start":{"line":129,"column":12},"end":{"line":129,"column":40}},"skip":true},"9":{"name":"(anonymous_9)","line":137,"loc":{"start":{"line":137,"column":77},"end":{"line":140,"column":10}},"skip":true},"10":{"name":"(anonymous_10)","line":148,"loc":{"start":{"line":148,"column":83},"end":{"line":151,"column":10}},"skip":true},"11":{"name":"(anonymous_11)","line":159,"loc":{"start":{"line":159,"column":79},"end":{"line":162,"column":10}},"skip":true},"12":{"name":"(anonymous_12)","line":170,"loc":{"start":{"line":170,"column":75},"end":{"line":173,"column":10}},"skip":true}},"statementMap":{"1":{"start":{"line":12,"column":0},"end":{"line":185,"column":5}},"2":{"start":{"line":14,"column":4},"end":{"line":14,"column":14}},"3":{"start":{"line":19,"column":4},"end":{"line":56,"column":9}},"4":{"start":{"line":21,"column":8},"end":{"line":21,"column":19}},"5":{"start":{"line":23,"column":8},"end":{"line":35,"column":13}},"6":{"start":{"line":24,"column":12},"end":{"line":34,"column":13}},"7":{"start":{"line":25,"column":16},"end":{"line":28,"column":30}},"8":{"start":{"line":30,"column":16},"end":{"line":33,"column":27}},"9":{"start":{"line":37,"column":8},"end":{"line":39,"column":21}},"10":{"start":{"line":40,"column":8},"end":{"line":53,"column":9}},"11":{"start":{"line":43,"column":12},"end":{"line":46,"column":14}},"12":{"start":{"line":47,"column":12},"end":{"line":47,"column":18}},"13":{"start":{"line":50,"column":12},"end":{"line":51,"column":46}},"14":{"start":{"line":52,"column":12},"end":{"line":52,"column":18}},"15":{"start":{"line":55,"column":8},"end":{"line":55,"column":35}},"16":{"start":{"line":61,"column":4},"end":{"line":63,"column":9}},"17":{"start":{"line":62,"column":8},"end":{"line":62,"column":15}},"18":{"start":{"line":64,"column":4},"end":{"line":77,"column":5}},"19":{"start":{"line":70,"column":8},"end":{"line":70,"column":14}},"20":{"start":{"line":76,"column":8},"end":{"line":76,"column":14}},"21":{"start":{"line":82,"column":4},"end":{"line":84,"column":9}},"22":{"start":{"line":83,"column":8},"end":{"line":83,"column":15}},"23":{"start":{"line":85,"column":4},"end":{"line":184,"column":5}},"24":{"start":{"line":92,"column":8},"end":{"line":94,"column":63}},"25":{"start":{"line":95,"column":8},"end":{"line":95,"column":14}},"26":{"start":{"line":102,"column":8},"end":{"line":111,"column":10},"skip":true},"27":{"start":{"line":109,"column":12},"end":{"line":109,"column":55},"skip":true},"28":{"start":{"line":110,"column":12},"end":{"line":110,"column":48},"skip":true},"29":{"start":{"line":113,"column":8},"end":{"line":126,"column":10},"skip":true},"30":{"start":{"line":120,"column":12},"end":{"line":120,"column":76},"skip":true},"31":{"start":{"line":121,"column":12},"end":{"line":121,"column":73},"skip":true},"32":{"start":{"line":122,"column":12},"end":{"line":122,"column":74},"skip":true},"33":{"start":{"line":123,"column":12},"end":{"line":123,"column":79},"skip":true},"34":{"start":{"line":124,"column":12},"end":{"line":124,"column":25},"skip":true},"35":{"start":{"line":125,"column":12},"end":{"line":125,"column":45},"skip":true},"36":{"start":{"line":128,"column":8},"end":{"line":135,"column":14},"skip":true},"37":{"start":{"line":133,"column":16},"end":{"line":133,"column":29},"skip":true},"38":{"start":{"line":134,"column":16},"end":{"line":134,"column":55},"skip":true},"39":{"start":{"line":137,"column":8},"end":{"line":146,"column":10},"skip":true},"40":{"start":{"line":144,"column":12},"end":{"line":144,"column":25},"skip":true},"41":{"start":{"line":145,"column":12},"end":{"line":145,"column":45},"skip":true},"42":{"start":{"line":148,"column":8},"end":{"line":157,"column":10},"skip":true},"43":{"start":{"line":155,"column":12},"end":{"line":155,"column":25},"skip":true},"44":{"start":{"line":156,"column":12},"end":{"line":156,"column":48},"skip":true},"45":{"start":{"line":159,"column":8},"end":{"line":168,"column":10},"skip":true},"46":{"start":{"line":166,"column":12},"end":{"line":166,"column":25},"skip":true},"47":{"start":{"line":167,"column":12},"end":{"line":167,"column":46},"skip":true},"48":{"start":{"line":170,"column":8},"end":{"line":179,"column":10},"skip":true},"49":{"start":{"line":177,"column":12},"end":{"line":177,"column":94},"skip":true},"50":{"start":{"line":178,"column":12},"end":{"line":178,"column":48},"skip":true},"51":{"start":{"line":182,"column":8},"end":{"line":182,"column":35},"skip":true},"52":{"start":{"line":183,"column":8},"end":{"line":183,"column":14},"skip":true}},"branchMap":{"1":{"line":25,"type":"binary-expr","locations":[{"start":{"line":25,"column":23},"end":{"line":25,"column":62}},{"start":{"line":26,"column":20},"end":{"line":26,"column":70}},{"start":{"line":27,"column":20},"end":{"line":27,"column":71}},{"start":{"line":28,"column":20},"end":{"line":28,"column":29}}]},"2":{"line":30,"type":"binary-expr","locations":[{"start":{"line":30,"column":23},"end":{"line":30,"column":37}},{"start":{"line":31,"column":20},"end":{"line":31,"column":61}},{"start":{"line":32,"column":20},"end":{"line":32,"column":70}},{"start":{"line":33,"column":20},"end":{"line":33,"column":26}}]},"3":{"line":37,"type":"cond-expr","locations":[{"start":{"line":38,"column":14},"end":{"line":38,"column":20}},{"start":{"line":39,"column":14},"end":{"line":39,"column":20}}]},"4":{"line":40,"type":"switch","locations":[{"start":{"line":42,"column":8},"end":{"line":47,"column":18}},{"start":{"line":49,"column":8},"end":{"line":52,"column":18}}]},"5":{"line":44,"type":"binary-expr","locations":[{"start":{"line":44,"column":16},"end":{"line":44,"column":44}},{"start":{"line":44,"column":48},"end":{"line":44,"column":66}}]},"6":{"line":50,"type":"binary-expr","locations":[{"start":{"line":50,"column":21},"end":{"line":50,"column":49}},{"start":{"line":50,"column":53},"end":{"line":50,"column":72}}]},"7":{"line":64,"type":"switch","locations":[{"start":{"line":69,"column":4},"end":{"line":70,"column":14}},{"start":{"line":75,"column":4},"end":{"line":76,"column":14}}]},"8":{"line":85,"type":"switch","locations":[{"start":{"line":90,"column":4},"end":{"line":95,"column":14}},{"start":{"line":101,"column":4},"end":{"line":183,"column":14},"skip":true}]},"9":{"line":92,"type":"binary-expr","locations":[{"start":{"line":92,"column":18},"end":{"line":92,"column":32}},{"start":{"line":93,"column":12},"end":{"line":93,"column":53}},{"start":{"line":94,"column":12},"end":{"line":94,"column":61}}]},"10":{"line":102,"type":"binary-expr","locations":[{"start":{"line":102,"column":45},"end":{"line":102,"column":79},"skip":true},{"start":{"line":102,"column":83},"end":{"line":111,"column":9},"skip":true}]},"11":{"line":113,"type":"binary-expr","locations":[{"start":{"line":113,"column":42},"end":{"line":113,"column":73},"skip":true},{"start":{"line":113,"column":77},"end":{"line":126,"column":9},"skip":true}]},"12":{"line":128,"type":"binary-expr","locations":[{"start":{"line":128,"column":48},"end":{"line":128,"column":85},"skip":true},{"start":{"line":129,"column":12},"end":{"line":135,"column":13},"skip":true}]},"13":{"line":137,"type":"binary-expr","locations":[{"start":{"line":137,"column":42},"end":{"line":137,"column":73},"skip":true},{"start":{"line":137,"column":77},"end":{"line":146,"column":9},"skip":true}]},"14":{"line":148,"type":"binary-expr","locations":[{"start":{"line":148,"column":45},"end":{"line":148,"column":79},"skip":true},{"start":{"line":148,"column":83},"end":{"line":157,"column":9},"skip":true}]},"15":{"line":159,"type":"binary-expr","locations":[{"start":{"line":159,"column":43},"end":{"line":159,"column":75},"skip":true},{"start":{"line":159,"column":79},"end":{"line":168,"column":9},"skip":true}]},"16":{"line":170,"type":"binary-expr","locations":[{"start":{"line":170,"column":41},"end":{"line":170,"column":71},"skip":true},{"start":{"line":170,"column":75},"end":{"line":179,"column":9},"skip":true}]}},"code":["/* istanbul instrument in package npmtest_jscs */","/*jslint","    bitwise: true,","    browser: true,","    maxerr: 8,","    maxlen: 96,","    node: true,","    nomen: true,","    regexp: true,","    stupid: true","*/","(function () {","    'use strict';","    var local;","","","","    // run shared js-env code - pre-init","    (function () {","        // init local","        local = {};","        // init modeJs","        local.modeJs = (function () {","            try {","                return typeof navigator.userAgent === 'string' &&","                    typeof document.querySelector('body') === 'object' &&","                    typeof XMLHttpRequest.prototype.open === 'function' &&","                    'browser';","            } catch (errorCaughtBrowser) {","                return module.exports &&","                    typeof process.versions.node === 'string' &&","                    typeof require('http').createServer === 'function' &&","                    'node';","            }","        }());","        // init global","        local.global = local.modeJs === 'browser'","            ? window","            : global;","        switch (local.modeJs) {","        // re-init local from window.local","        case 'browser':","            local = local.global.utility2.objectSetDefault(","                local.global.utility2_rollup || local.global.local,","                local.global.utility2","            );","            break;","        // re-init local from example.js","        case 'node':","            local = (local.global.utility2_rollup || require('utility2'))","                .requireExampleJsFromReadme();","            break;","        }","        // export local","        local.global.local = local;","    }());","","","","    // run shared js-env code - function","    (function () {","        return;","    }());","    switch (local.modeJs) {","","","","    // run browser js-env code - function","    case 'browser':","        break;","","","","    // run node js-env code - function","    case 'node':","        break;","    }","","","","    // run shared js-env code - post-init","    (function () {","        return;","    }());","    switch (local.modeJs) {","","","","    // run browser js-env code - post-init","    case 'browser':","        // run tests","        local.nop(local.modeTest &&","            document.querySelector('#testRunButton1') &&","            document.querySelector('#testRunButton1').click());","        break;","","","","    // run node js-env code - post-init","    /* istanbul ignore next */","    case 'node':","        local.testCase_buildApidoc_default = local.testCase_buildApidoc_default || function (","            options,","            onError","        ) {","        /*","         * this function will test buildApidoc's default handling-behavior-behavior","         */","            options = { modulePathList: module.paths };","            local.buildApidoc(options, onError);","        };","","        local.testCase_buildApp_default = local.testCase_buildApp_default || function (","            options,","            onError","        ) {","        /*","         * this function will test buildApp's default handling-behavior-behavior","         */","            local.testCase_buildReadme_default(options, local.onErrorThrow);","            local.testCase_buildLib_default(options, local.onErrorThrow);","            local.testCase_buildTest_default(options, local.onErrorThrow);","            local.testCase_buildCustomOrg_default(options, local.onErrorThrow);","            options = [];","            local.buildApp(options, onError);","        };","","        local.testCase_buildCustomOrg_default = local.testCase_buildCustomOrg_default ||","            function (options, onError) {","            /*","             * this function will test buildCustomOrg's default handling-behavior","             */","                options = {};","                local.buildCustomOrg(options, onError);","            };","","        local.testCase_buildLib_default = local.testCase_buildLib_default || function (","            options,","            onError","        ) {","        /*","         * this function will test buildLib's default handling-behavior","         */","            options = {};","            local.buildLib(options, onError);","        };","","        local.testCase_buildReadme_default = local.testCase_buildReadme_default || function (","            options,","            onError","        ) {","        /*","         * this function will test buildReadme's default handling-behavior-behavior","         */","            options = {};","            local.buildReadme(options, onError);","        };","","        local.testCase_buildTest_default = local.testCase_buildTest_default || function (","            options,","            onError","        ) {","        /*","         * this function will test buildTest's default handling-behavior","         */","            options = {};","            local.buildTest(options, onError);","        };","","        local.testCase_webpage_default = local.testCase_webpage_default || function (","            options,","            onError","        ) {","        /*","         * this function will test webpage's default handling-behavior","         */","            options = { modeCoverageMerge: true, url: local.serverLocalHost + '?modeTest=1' };","            local.browserTest(options, onError);","        };","","        // run test-server","        local.testRunServer(local);","        break;","    }","}());",""],"l":{"12":2,"14":2,"19":2,"21":2,"23":2,"24":2,"25":2,"30":1,"37":2,"40":2,"43":1,"47":1,"50":1,"52":1,"55":2,"61":2,"62":2,"64":2,"70":1,"76":1,"82":2,"83":2,"85":2,"92":1,"95":1,"102":1,"109":1,"110":1,"113":1,"120":1,"121":1,"122":1,"123":1,"124":1,"125":1,"128":1,"133":2,"134":2,"137":1,"144":2,"145":2,"148":1,"155":2,"156":2,"159":1,"166":2,"167":2,"170":1,"177":1,"178":1,"182":1,"183":1}},"/home/travis/build/npmtest/node-npmtest-jscs/lib.npmtest_jscs.js":{"path":"/home/travis/build/npmtest/node-npmtest-jscs/lib.npmtest_jscs.js","s":{"1":2,"2":2,"3":2,"4":2,"5":2,"6":2,"7":2,"8":1,"9":2,"10":2,"11":2,"12":2,"13":1,"14":1,"15":1,"16":1},"b":{"1":[2,1,1,1],"2":[1,1,1,1],"3":[1,1],"4":[2,2],"5":[1,1]},"f":{"1":2,"2":2,"3":2},"fnMap":{"1":{"name":"(anonymous_1)","line":12,"loc":{"start":{"line":12,"column":1},"end":{"line":12,"column":13}}},"2":{"name":"(anonymous_2)","line":19,"loc":{"start":{"line":19,"column":5},"end":{"line":19,"column":17}}},"3":{"name":"(anonymous_3)","line":23,"loc":{"start":{"line":23,"column":24},"end":{"line":23,"column":36}}}},"statementMap":{"1":{"start":{"line":12,"column":0},"end":{"line":53,"column":5}},"2":{"start":{"line":14,"column":4},"end":{"line":14,"column":14}},"3":{"start":{"line":19,"column":4},"end":{"line":52,"column":9}},"4":{"start":{"line":21,"column":8},"end":{"line":21,"column":19}},"5":{"start":{"line":23,"column":8},"end":{"line":35,"column":13}},"6":{"start":{"line":24,"column":12},"end":{"line":34,"column":13}},"7":{"start":{"line":25,"column":16},"end":{"line":28,"column":30}},"8":{"start":{"line":30,"column":16},"end":{"line":33,"column":27}},"9":{"start":{"line":37,"column":8},"end":{"line":39,"column":21}},"10":{"start":{"line":41,"column":8},"end":{"line":41,"column":54}},"11":{"start":{"line":43,"column":8},"end":{"line":43,"column":49}},"12":{"start":{"line":45,"column":8},"end":{"line":51,"column":9}},"13":{"start":{"line":46,"column":12},"end":{"line":46,"column":55}},"14":{"start":{"line":48,"column":12},"end":{"line":48,"column":35}},"15":{"start":{"line":49,"column":12},"end":{"line":49,"column":49}},"16":{"start":{"line":50,"column":12},"end":{"line":50,"column":43}}},"branchMap":{"1":{"line":25,"type":"binary-expr","locations":[{"start":{"line":25,"column":23},"end":{"line":25,"column":62}},{"start":{"line":26,"column":20},"end":{"line":26,"column":70}},{"start":{"line":27,"column":20},"end":{"line":27,"column":71}},{"start":{"line":28,"column":20},"end":{"line":28,"column":29}}]},"2":{"line":30,"type":"binary-expr","locations":[{"start":{"line":30,"column":23},"end":{"line":30,"column":37}},{"start":{"line":31,"column":20},"end":{"line":31,"column":61}},{"start":{"line":32,"column":20},"end":{"line":32,"column":70}},{"start":{"line":33,"column":20},"end":{"line":33,"column":26}}]},"3":{"line":37,"type":"cond-expr","locations":[{"start":{"line":38,"column":14},"end":{"line":38,"column":20}},{"start":{"line":39,"column":14},"end":{"line":39,"column":20}}]},"4":{"line":41,"type":"binary-expr","locations":[{"start":{"line":41,"column":16},"end":{"line":41,"column":44}},{"start":{"line":41,"column":48},"end":{"line":41,"column":53}}]},"5":{"line":45,"type":"if","locations":[{"start":{"line":45,"column":8},"end":{"line":45,"column":8}},{"start":{"line":45,"column":8},"end":{"line":45,"column":8}}]}},"code":["/* istanbul instrument in package npmtest_jscs */","/*jslint","    bitwise: true,","    browser: true,","    maxerr: 8,","    maxlen: 96,","    node: true,","    nomen: true,","    regexp: true,","    stupid: true","*/","(function () {","    'use strict';","    var local;","","","","    // run shared js-env code - pre-init","    (function () {","        // init local","        local = {};","        // init modeJs","        local.modeJs = (function () {","            try {","                return typeof navigator.userAgent === 'string' &&","                    typeof document.querySelector('body') === 'object' &&","                    typeof XMLHttpRequest.prototype.open === 'function' &&","                    'browser';","            } catch (errorCaughtBrowser) {","                return module.exports &&","                    typeof process.versions.node === 'string' &&","                    typeof require('http').createServer === 'function' &&","                    'node';","            }","        }());","        // init global","        local.global = local.modeJs === 'browser'","            ? window","            : global;","        // init utility2_rollup","        local = local.global.utility2_rollup || local;","        // init lib","        local.local = local.npmtest_jscs = local;","        // init exports","        if (local.modeJs === 'browser') {","            local.global.utility2_npmtest_jscs = local;","        } else {","            module.exports = local;","            module.exports.__dirname = __dirname;","            module.exports.module = module;","        }","    }());","}());",""],"l":{"12":2,"14":2,"19":2,"21":2,"23":2,"24":2,"25":2,"30":1,"37":2,"41":2,"43":2,"45":2,"46":1,"48":1,"49":1,"50":1}},"/home/travis/build/npmtest/node-npmtest-jscs/example.js":{"path":"/home/travis/build/npmtest/node-npmtest-jscs/example.js","s":{"1":2,"2":2,"3":2,"4":2,"5":2,"6":2,"7":2,"8":1,"9":2,"10":2,"11":2,"12":2,"13":1,"14":2,"15":2,"16":2,"17":2,"18":2,"19":0,"20":2,"21":1,"22":1,"23":1,"24":1,"25":1,"26":0,"27":0,"28":1,"29":1,"30":2,"31":0,"32":0,"33":0,"34":1,"35":2,"36":2,"37":2,"38":2,"39":2,"40":2,"41":0,"42":2,"43":2,"44":2,"45":1,"46":3,"47":1,"48":1,"49":1,"50":1,"51":1,"52":1,"53":1,"54":1,"55":1,"56":1,"57":0,"58":1,"59":6,"60":6,"61":1,"62":2,"63":0,"64":2,"65":1,"66":1,"67":0,"68":0,"69":0,"70":0,"71":0,"72":0,"73":0,"74":0,"75":0,"76":0,"77":0,"78":0,"79":0,"80":0,"81":0,"82":0,"83":0},"b":{"1":[2,1,1,1],"2":[1,1,1,1],"3":[1,1],"4":[2,2],"5":[1,1],"6":[1,1],"7":[2,0],"8":[2,1,1,1,1,1],"9":[0,2,0],"10":[1,1],"11":[2,1,1],"12":[1,0],"13":[0,2],"14":[2,0,0,0,0,0,0],"15":[0,2],"16":[2,0],"17":[1,1],"18":[0,1],"19":[1,2,0,2],"20":[1,0],"21":[1,1],"22":[0,0],"23":[0,0],"24":[0,0],"25":[0,0],"26":[0,0],"27":[0,0],"28":[0,0]},"f":{"1":2,"2":2,"3":2,"4":2,"5":2,"6":2,"7":2,"8":2,"9":3,"10":1,"11":6,"12":0},"fnMap":{"1":{"name":"(anonymous_1)","line":26,"loc":{"start":{"line":26,"column":1},"end":{"line":26,"column":13}}},"2":{"name":"(anonymous_2)","line":33,"loc":{"start":{"line":33,"column":5},"end":{"line":33,"column":17}}},"3":{"name":"(anonymous_3)","line":37,"loc":{"start":{"line":37,"column":24},"end":{"line":37,"column":36}}},"4":{"name":"(anonymous_4)","line":69,"loc":{"start":{"line":69,"column":31},"end":{"line":69,"column":48}},"skip":true},"5":{"name":"(anonymous_5)","line":78,"loc":{"start":{"line":78,"column":26},"end":{"line":78,"column":45}},"skip":true},"6":{"name":"(anonymous_6)","line":123,"loc":{"start":{"line":123,"column":33},"end":{"line":123,"column":48}},"skip":true},"7":{"name":"(anonymous_7)","line":125,"loc":{"start":{"line":125,"column":27},"end":{"line":125,"column":39}},"skip":true},"8":{"name":"(anonymous_8)","line":133,"loc":{"start":{"line":133,"column":59},"end":{"line":133,"column":74}},"skip":true},"9":{"name":"(anonymous_9)","line":143,"loc":{"start":{"line":143,"column":45},"end":{"line":143,"column":62}},"skip":true},"10":{"name":"(anonymous_10)","line":144,"loc":{"start":{"line":144,"column":73},"end":{"line":144,"column":92}},"skip":true},"11":{"name":"(anonymous_11)","line":272,"loc":{"start":{"line":272,"column":51},"end":{"line":272,"column":77}},"skip":true},"12":{"name":"(anonymous_12)","line":314,"loc":{"start":{"line":314,"column":32},"end":{"line":314,"column":61}},"skip":true}},"statementMap":{"1":{"start":{"line":26,"column":0},"end":{"line":325,"column":5}},"2":{"start":{"line":28,"column":4},"end":{"line":28,"column":14}},"3":{"start":{"line":33,"column":4},"end":{"line":60,"column":9}},"4":{"start":{"line":35,"column":8},"end":{"line":35,"column":19}},"5":{"start":{"line":37,"column":8},"end":{"line":49,"column":13}},"6":{"start":{"line":38,"column":12},"end":{"line":48,"column":13}},"7":{"start":{"line":39,"column":16},"end":{"line":42,"column":30}},"8":{"start":{"line":44,"column":16},"end":{"line":47,"column":27}},"9":{"start":{"line":51,"column":8},"end":{"line":53,"column":21}},"10":{"start":{"line":55,"column":8},"end":{"line":57,"column":45}},"11":{"start":{"line":59,"column":8},"end":{"line":59,"column":35}},"12":{"start":{"line":61,"column":4},"end":{"line":324,"column":5}},"13":{"start":{"line":69,"column":8},"end":{"line":121,"column":10},"skip":true},"14":{"start":{"line":70,"column":12},"end":{"line":88,"column":13},"skip":true},"15":{"start":{"line":76,"column":16},"end":{"line":87,"column":19},"skip":true},"16":{"start":{"line":79,"column":20},"end":{"line":86,"column":21},"skip":true},"17":{"start":{"line":82,"column":24},"end":{"line":82,"column":43},"skip":true},"18":{"start":{"line":83,"column":24},"end":{"line":83,"column":30},"skip":true},"19":{"start":{"line":85,"column":24},"end":{"line":85,"column":49},"skip":true},"20":{"start":{"line":89,"column":12},"end":{"line":107,"column":13},"skip":true},"21":{"start":{"line":92,"column":16},"end":{"line":102,"column":17},"skip":true},"22":{"start":{"line":93,"column":20},"end":{"line":93,"column":86},"skip":true},"23":{"start":{"line":94,"column":20},"end":{"line":95,"column":45},"skip":true},"24":{"start":{"line":96,"column":20},"end":{"line":96,"column":42},"skip":true},"25":{"start":{"line":97,"column":20},"end":{"line":97,"column":48},"skip":true},"26":{"start":{"line":100,"column":20},"end":{"line":100,"column":85},"skip":true},"27":{"start":{"line":101,"column":20},"end":{"line":101,"column":96},"skip":true},"28":{"start":{"line":103,"column":16},"end":{"line":103,"column":22},"skip":true},"29":{"start":{"line":106,"column":16},"end":{"line":106,"column":22},"skip":true},"30":{"start":{"line":108,"column":12},"end":{"line":120,"column":13},"skip":true},"31":{"start":{"line":114,"column":16},"end":{"line":119,"column":17},"skip":true},"32":{"start":{"line":116,"column":20},"end":{"line":116,"column":78},"skip":true},"33":{"start":{"line":118,"column":20},"end":{"line":118,"column":47},"skip":true},"34":{"start":{"line":123,"column":8},"end":{"line":141,"column":11},"skip":true},"35":{"start":{"line":124,"column":12},"end":{"line":124,"column":54},"skip":true},"36":{"start":{"line":125,"column":12},"end":{"line":140,"column":14},"skip":true},"37":{"start":{"line":126,"column":16},"end":{"line":126,"column":28},"skip":true},"38":{"start":{"line":127,"column":16},"end":{"line":127,"column":69},"skip":true},"39":{"start":{"line":128,"column":16},"end":{"line":128,"column":75},"skip":true},"40":{"start":{"line":129,"column":16},"end":{"line":131,"column":17},"skip":true},"41":{"start":{"line":130,"column":20},"end":{"line":130,"column":27},"skip":true},"42":{"start":{"line":133,"column":16},"end":{"line":137,"column":36},"skip":true},"43":{"start":{"line":134,"column":20},"end":{"line":136,"column":55},"skip":true},"44":{"start":{"line":139,"column":16},"end":{"line":139,"column":57},"skip":true},"45":{"start":{"line":143,"column":8},"end":{"line":147,"column":11},"skip":true},"46":{"start":{"line":144,"column":12},"end":{"line":146,"column":15},"skip":true},"47":{"start":{"line":145,"column":16},"end":{"line":145,"column":70},"skip":true},"48":{"start":{"line":149,"column":8},"end":{"line":149,"column":31},"skip":true},"49":{"start":{"line":150,"column":8},"end":{"line":150,"column":14},"skip":true},"50":{"start":{"line":158,"column":8},"end":{"line":158,"column":31},"skip":true},"51":{"start":{"line":160,"column":8},"end":{"line":160,"column":33},"skip":true},"52":{"start":{"line":161,"column":8},"end":{"line":161,"column":37},"skip":true},"53":{"start":{"line":162,"column":8},"end":{"line":162,"column":35},"skip":true},"54":{"start":{"line":164,"column":8},"end":{"line":164,"column":50},"skip":true},"55":{"start":{"line":166,"column":8},"end":{"line":256,"column":2},"skip":true},"56":{"start":{"line":258,"column":8},"end":{"line":286,"column":9},"skip":true},"57":{"start":{"line":259,"column":12},"end":{"line":269,"column":14},"skip":true},"58":{"start":{"line":271,"column":12},"end":{"line":285,"column":19},"skip":true},"59":{"start":{"line":274,"column":20},"end":{"line":274,"column":35},"skip":true},"60":{"start":{"line":275,"column":20},"end":{"line":284,"column":21},"skip":true},"61":{"start":{"line":277,"column":24},"end":{"line":277,"column":64},"skip":true},"62":{"start":{"line":279,"column":24},"end":{"line":279,"column":40},"skip":true},"63":{"start":{"line":281,"column":24},"end":{"line":281,"column":40},"skip":true},"64":{"start":{"line":283,"column":24},"end":{"line":283,"column":39},"skip":true},"65":{"start":{"line":288,"column":8},"end":{"line":290,"column":9},"skip":true},"66":{"start":{"line":289,"column":12},"end":{"line":289,"column":18},"skip":true},"67":{"start":{"line":291,"column":8},"end":{"line":293,"column":54},"skip":true},"68":{"start":{"line":294,"column":8},"end":{"line":301,"column":37},"skip":true},"69":{"start":{"line":302,"column":8},"end":{"line":302,"column":82},"skip":true},"70":{"start":{"line":305,"column":8},"end":{"line":307,"column":9},"skip":true},"71":{"start":{"line":306,"column":12},"end":{"line":306,"column":82},"skip":true},"72":{"start":{"line":309,"column":8},"end":{"line":311,"column":9},"skip":true},"73":{"start":{"line":310,"column":12},"end":{"line":310,"column":18},"skip":true},"74":{"start":{"line":312,"column":8},"end":{"line":312,"column":54},"skip":true},"75":{"start":{"line":313,"column":8},"end":{"line":313,"column":69},"skip":true},"76":{"start":{"line":314,"column":8},"end":{"line":322,"column":36},"skip":true},"77":{"start":{"line":315,"column":12},"end":{"line":315,"column":61},"skip":true},"78":{"start":{"line":316,"column":12},"end":{"line":319,"column":13},"skip":true},"79":{"start":{"line":317,"column":16},"end":{"line":317,"column":75},"skip":true},"80":{"start":{"line":318,"column":16},"end":{"line":318,"column":23},"skip":true},"81":{"start":{"line":320,"column":12},"end":{"line":320,"column":38},"skip":true},"82":{"start":{"line":321,"column":12},"end":{"line":321,"column":27},"skip":true},"83":{"start":{"line":323,"column":8},"end":{"line":323,"column":14},"skip":true}},"branchMap":{"1":{"line":39,"type":"binary-expr","locations":[{"start":{"line":39,"column":23},"end":{"line":39,"column":62}},{"start":{"line":40,"column":20},"end":{"line":40,"column":70}},{"start":{"line":41,"column":20},"end":{"line":41,"column":71}},{"start":{"line":42,"column":20},"end":{"line":42,"column":29}}]},"2":{"line":44,"type":"binary-expr","locations":[{"start":{"line":44,"column":23},"end":{"line":44,"column":37}},{"start":{"line":45,"column":20},"end":{"line":45,"column":61}},{"start":{"line":46,"column":20},"end":{"line":46,"column":70}},{"start":{"line":47,"column":20},"end":{"line":47,"column":26}}]},"3":{"line":51,"type":"cond-expr","locations":[{"start":{"line":52,"column":14},"end":{"line":52,"column":20}},{"start":{"line":53,"column":14},"end":{"line":53,"column":20}}]},"4":{"line":55,"type":"binary-expr","locations":[{"start":{"line":55,"column":16},"end":{"line":55,"column":44}},{"start":{"line":55,"column":49},"end":{"line":57,"column":43}}]},"5":{"line":55,"type":"cond-expr","locations":[{"start":{"line":56,"column":14},"end":{"line":56,"column":48}},{"start":{"line":57,"column":14},"end":{"line":57,"column":43}}]},"6":{"line":61,"type":"switch","locations":[{"start":{"line":68,"column":4},"end":{"line":150,"column":14},"skip":true},{"start":{"line":156,"column":4},"end":{"line":323,"column":14},"skip":true}]},"7":{"line":70,"type":"if","locations":[{"start":{"line":70,"column":12},"end":{"line":70,"column":12},"skip":true},{"start":{"line":70,"column":12},"end":{"line":70,"column":12},"skip":true}]},"8":{"line":70,"type":"binary-expr","locations":[{"start":{"line":70,"column":16},"end":{"line":70,"column":22},"skip":true},{"start":{"line":70,"column":27},"end":{"line":70,"column":32},"skip":true},{"start":{"line":71,"column":20},"end":{"line":71,"column":39},"skip":true},{"start":{"line":72,"column":20},"end":{"line":72,"column":49},"skip":true},{"start":{"line":73,"column":20},"end":{"line":73,"column":58},"skip":true},{"start":{"line":74,"column":20},"end":{"line":74,"column":69},"skip":true}]},"9":{"line":79,"type":"switch","locations":[{"start":{"line":80,"column":20},"end":{"line":80,"column":33},"skip":true},{"start":{"line":81,"column":20},"end":{"line":83,"column":30},"skip":true},{"start":{"line":84,"column":20},"end":{"line":85,"column":49},"skip":true}]},"10":{"line":89,"type":"switch","locations":[{"start":{"line":90,"column":12},"end":{"line":103,"column":22},"skip":true},{"start":{"line":105,"column":12},"end":{"line":106,"column":22},"skip":true}]},"11":{"line":89,"type":"binary-expr","locations":[{"start":{"line":89,"column":20},"end":{"line":89,"column":25},"skip":true},{"start":{"line":89,"column":29},"end":{"line":89,"column":48},"skip":true},{"start":{"line":89,"column":52},"end":{"line":89,"column":74},"skip":true}]},"12":{"line":92,"type":"if","locations":[{"start":{"line":92,"column":16},"end":{"line":92,"column":16},"skip":true},{"start":{"line":92,"column":16},"end":{"line":92,"column":16},"skip":true}]},"13":{"line":108,"type":"if","locations":[{"start":{"line":108,"column":12},"end":{"line":108,"column":12},"skip":true},{"start":{"line":108,"column":12},"end":{"line":108,"column":12},"skip":true}]},"14":{"line":108,"type":"binary-expr","locations":[{"start":{"line":108,"column":16},"end":{"line":108,"column":61},"skip":true},{"start":{"line":108,"column":66},"end":{"line":108,"column":72},"skip":true},{"start":{"line":108,"column":77},"end":{"line":108,"column":82},"skip":true},{"start":{"line":109,"column":20},"end":{"line":109,"column":39},"skip":true},{"start":{"line":110,"column":20},"end":{"line":110,"column":49},"skip":true},{"start":{"line":111,"column":20},"end":{"line":111,"column":58},"skip":true},{"start":{"line":112,"column":20},"end":{"line":112,"column":68},"skip":true}]},"15":{"line":129,"type":"if","locations":[{"start":{"line":129,"column":16},"end":{"line":129,"column":16},"skip":true},{"start":{"line":129,"column":16},"end":{"line":129,"column":16},"skip":true}]},"16":{"line":134,"type":"cond-expr","locations":[{"start":{"line":135,"column":26},"end":{"line":135,"column":29},"skip":true},{"start":{"line":136,"column":26},"end":{"line":136,"column":54},"skip":true}]},"17":{"line":164,"type":"binary-expr","locations":[{"start":{"line":164,"column":27},"end":{"line":164,"column":43},"skip":true},{"start":{"line":164,"column":47},"end":{"line":164,"column":49},"skip":true}]},"18":{"line":258,"type":"if","locations":[{"start":{"line":258,"column":8},"end":{"line":258,"column":8},"skip":true},{"start":{"line":258,"column":8},"end":{"line":258,"column":8},"skip":true}]},"19":{"line":275,"type":"switch","locations":[{"start":{"line":276,"column":20},"end":{"line":277,"column":64},"skip":true},{"start":{"line":278,"column":20},"end":{"line":279,"column":40},"skip":true},{"start":{"line":280,"column":20},"end":{"line":281,"column":40},"skip":true},{"start":{"line":282,"column":20},"end":{"line":283,"column":39},"skip":true}]},"20":{"line":288,"type":"if","locations":[{"start":{"line":288,"column":8},"end":{"line":288,"column":8},"skip":true},{"start":{"line":288,"column":8},"end":{"line":288,"column":8},"skip":true}]},"21":{"line":288,"type":"binary-expr","locations":[{"start":{"line":288,"column":12},"end":{"line":288,"column":40},"skip":true},{"start":{"line":288,"column":44},"end":{"line":288,"column":67},"skip":true}]},"22":{"line":292,"type":"binary-expr","locations":[{"start":{"line":292,"column":12},"end":{"line":292,"column":50},"skip":true},{"start":{"line":293,"column":12},"end":{"line":293,"column":53},"skip":true}]},"23":{"line":295,"type":"binary-expr","locations":[{"start":{"line":295,"column":12},"end":{"line":295,"column":62},"skip":true},{"start":{"line":296,"column":12},"end":{"line":301,"column":36},"skip":true}]},"24":{"line":302,"type":"binary-expr","locations":[{"start":{"line":302,"column":43},"end":{"line":302,"column":75},"skip":true},{"start":{"line":302,"column":79},"end":{"line":302,"column":81},"skip":true}]},"25":{"line":305,"type":"if","locations":[{"start":{"line":305,"column":8},"end":{"line":305,"column":8},"skip":true},{"start":{"line":305,"column":8},"end":{"line":305,"column":8},"skip":true}]},"26":{"line":309,"type":"if","locations":[{"start":{"line":309,"column":8},"end":{"line":309,"column":8},"skip":true},{"start":{"line":309,"column":8},"end":{"line":309,"column":8},"skip":true}]},"27":{"line":312,"type":"binary-expr","locations":[{"start":{"line":312,"column":27},"end":{"line":312,"column":43},"skip":true},{"start":{"line":312,"column":47},"end":{"line":312,"column":53},"skip":true}]},"28":{"line":316,"type":"if","locations":[{"start":{"line":316,"column":12},"end":{"line":316,"column":12},"skip":true},{"start":{"line":316,"column":12},"end":{"line":316,"column":12},"skip":true}]}},"code":["/*","example.js","","quickstart example","","instruction","    1. save this script as example.js","    2. run the shell command:","        $ npm install npmtest-jscs && PORT=8081 node example.js","    3. play with the browser-demo on http://127.0.0.1:8081","*/","","","","/* istanbul instrument in package npmtest_jscs */","/*jslint","    bitwise: true,","    browser: true,","    maxerr: 8,","    maxlen: 96,","    node: true,","    nomen: true,","    regexp: true,","    stupid: true","*/","(function () {","    'use strict';","    var local;","","","","    // run shared js-env code - pre-init","    (function () {","        // init local","        local = {};","        // init modeJs","        local.modeJs = (function () {","            try {","                return typeof navigator.userAgent === 'string' &&","                    typeof document.querySelector('body') === 'object' &&","                    typeof XMLHttpRequest.prototype.open === 'function' &&","                    'browser';","            } catch (errorCaughtBrowser) {","                return module.exports &&","                    typeof process.versions.node === 'string' &&","                    typeof require('http').createServer === 'function' &&","                    'node';","            }","        }());","        // init global","        local.global = local.modeJs === 'browser'","            ? window","            : global;","        // init utility2_rollup","        local = local.global.utility2_rollup || (local.modeJs === 'browser'","            ? local.global.utility2_npmtest_jscs","            : global.utility2_moduleExports);","        // export local","        local.global.local = local;","    }());","    switch (local.modeJs) {","","","","    // post-init","    // run browser js-env code - post-init","    /* istanbul ignore next */","    case 'browser':","        local.testRunBrowser = function (event) {","            if (!event || (event &&","                    event.currentTarget &&","                    event.currentTarget.className &&","                    event.currentTarget.className.includes &&","                    event.currentTarget.className.includes('onreset'))) {","                // reset output","                Array.from(","                    document.querySelectorAll('body > .resettable')","                ).forEach(function (element) {","                    switch (element.tagName) {","                    case 'INPUT':","                    case 'TEXTAREA':","                        element.value = '';","                        break;","                    default:","                        element.textContent = '';","                    }","                });","            }","            switch (event && event.currentTarget && event.currentTarget.id) {","            case 'testRunButton1':","                // show tests","                if (document.querySelector('#testReportDiv1').style.display === 'none') {","                    document.querySelector('#testReportDiv1').style.display = 'block';","                    document.querySelector('#testRunButton1').textContent =","                        'hide internal test';","                    local.modeTest = true;","                    local.testRunDefault(local);","                // hide tests","                } else {","                    document.querySelector('#testReportDiv1').style.display = 'none';","                    document.querySelector('#testRunButton1').textContent = 'run internal test';","                }","                break;","            // custom-case","            default:","                break;","            }","            if (document.querySelector('#inputTextareaEval1') && (!event || (event &&","                    event.currentTarget &&","                    event.currentTarget.className &&","                    event.currentTarget.className.includes &&","                    event.currentTarget.className.includes('oneval')))) {","                // try to eval input-code","                try {","                    /*jslint evil: true*/","                    eval(document.querySelector('#inputTextareaEval1').value);","                } catch (errorCaught) {","                    console.error(errorCaught);","                }","            }","        };","        // log stderr and stdout to #outputTextareaStdout1","        ['error', 'log'].forEach(function (key) {","            console[key + '_original'] = console[key];","            console[key] = function () {","                var element;","                console[key + '_original'].apply(console, arguments);","                element = document.querySelector('#outputTextareaStdout1');","                if (!element) {","                    return;","                }","                // append text to #outputTextareaStdout1","                element.value += Array.from(arguments).map(function (arg) {","                    return typeof arg === 'string'","                        ? arg","                        : JSON.stringify(arg, null, 4);","                }).join(' ') + '\\n';","                // scroll textarea to bottom","                element.scrollTop = element.scrollHeight;","            };","        });","        // init event-handling","        ['change', 'click', 'keyup'].forEach(function (event) {","            Array.from(document.querySelectorAll('.on' + event)).forEach(function (element) {","                element.addEventListener(event, local.testRunBrowser);","            });","        });","        // run tests","        local.testRunBrowser();","        break;","","","","    // run node js-env code - post-init","    /* istanbul ignore next */","    case 'node':","        // export local","        module.exports = local;","        // require modules","        local.fs = require('fs');","        local.http = require('http');","        local.url = require('url');","        // init assets","        local.assetsDict = local.assetsDict || {};","        /* jslint-ignore-begin */","        local.assetsDict['/assets.index.template.html'] = '\\","<!doctype html>\\n\\","<html lang=\"en\">\\n\\","<head>\\n\\","<meta charset=\"UTF-8\">\\n\\","<meta name=\"viewport\" content=\"width=device-width, initial-scale=1\">\\n\\","<title>{{env.npm_package_name}} (v{{env.npm_package_version}})</title>\\n\\","<style>\\n\\","/*csslint\\n\\","    box-sizing: false,\\n\\","    universal-selector: false\\n\\","*/\\n\\","* {\\n\\","    box-sizing: border-box;\\n\\","}\\n\\","body {\\n\\","    background: #dde;\\n\\","    font-family: Arial, Helvetica, sans-serif;\\n\\","    margin: 2rem;\\n\\","}\\n\\","body > * {\\n\\","    margin-bottom: 1rem;\\n\\","}\\n\\",".utility2FooterDiv {\\n\\","    margin-top: 20px;\\n\\","    text-align: center;\\n\\","}\\n\\","</style>\\n\\","<style>\\n\\","/*csslint\\n\\","*/\\n\\","textarea {\\n\\","    font-family: monospace;\\n\\","    height: 10rem;\\n\\","    width: 100%;\\n\\","}\\n\\","textarea[readonly] {\\n\\","    background: #ddd;\\n\\","}\\n\\","</style>\\n\\","</head>\\n\\","<body>\\n\\","<!-- utility2-comment\\n\\","<div id=\"ajaxProgressDiv1\" style=\"background: #d00; height: 2px; left: 0; margin: 0; padding: 0; position: fixed; top: 0; transition: background 0.5s, width 1.5s; width: 25%;\"></div>\\n\\","utility2-comment -->\\n\\","<h1>\\n\\","<!-- utility2-comment\\n\\","    <a\\n\\","        {{#if env.npm_package_homepage}}\\n\\","        href=\"{{env.npm_package_homepage}}\"\\n\\","        {{/if env.npm_package_homepage}}\\n\\","        target=\"_blank\"\\n\\","    >\\n\\","utility2-comment -->\\n\\","        {{env.npm_package_name}} (v{{env.npm_package_version}})\\n\\","<!-- utility2-comment\\n\\","    </a>\\n\\","utility2-comment -->\\n\\","</h1>\\n\\","<h3>{{env.npm_package_description}}</h3>\\n\\","<!-- utility2-comment\\n\\","<h4><a download href=\"assets.app.js\">download standalone app</a></h4>\\n\\","<button class=\"onclick onreset\" id=\"testRunButton1\">run internal test</button><br>\\n\\","<div id=\"testReportDiv1\" style=\"display: none;\"></div>\\n\\","utility2-comment -->\\n\\","\\n\\","\\n\\","\\n\\","<label>stderr and stdout</label>\\n\\","<textarea class=\"resettable\" id=\"outputTextareaStdout1\" readonly></textarea>\\n\\","<!-- utility2-comment\\n\\","{{#if isRollup}}\\n\\","<script src=\"assets.app.js\"></script>\\n\\","{{#unless isRollup}}\\n\\","utility2-comment -->\\n\\","<script src=\"assets.utility2.rollup.js\"></script>\\n\\","<script src=\"jsonp.utility2._stateInit?callback=window.utility2._stateInit\"></script>\\n\\","<script src=\"assets.npmtest_jscs.rollup.js\"></script>\\n\\","<script src=\"assets.example.js\"></script>\\n\\","<script src=\"assets.test.js\"></script>\\n\\","<!-- utility2-comment\\n\\","{{/if isRollup}}\\n\\","utility2-comment -->\\n\\","<div class=\"utility2FooterDiv\">\\n\\","    [ this app was created with\\n\\","    <a href=\"https://github.com/kaizhu256/node-utility2\" target=\"_blank\">utility2</a>\\n\\","    ]\\n\\","</div>\\n\\","</body>\\n\\","</html>\\n\\","';","        /* jslint-ignore-end */","        if (local.templateRender) {","            local.assetsDict['/'] = local.templateRender(","                local.assetsDict['/assets.index.template.html'],","                {","                    env: local.objectSetDefault(local.env, {","                        npm_package_description: 'the greatest app in the world!',","                        npm_package_name: 'my-app',","                        npm_package_nameAlias: 'my_app',","                        npm_package_version: '0.0.1'","                    })","                }","            );","        } else {","            local.assetsDict['/'] = local.assetsDict['/assets.index.template.html']","                .replace((/\\{\\{env\\.(\\w+?)\\}\\}/g), function (match0, match1) {","                    // jslint-hack","                    String(match0);","                    switch (match1) {","                    case 'npm_package_description':","                        return 'the greatest app in the world!';","                    case 'npm_package_name':","                        return 'my-app';","                    case 'npm_package_nameAlias':","                        return 'my_app';","                    case 'npm_package_version':","                        return '0.0.1';","                    }","                });","        }","        // run the cli","        if (local.global.utility2_rollup || module !== require.main) {","            break;","        }","        local.assetsDict['/assets.example.js'] =","            local.assetsDict['/assets.example.js'] ||","            local.fs.readFileSync(__filename, 'utf8');","        local.assetsDict['/assets.npmtest_jscs.rollup.js'] =","            local.assetsDict['/assets.npmtest_jscs.rollup.js'] ||","            local.fs.readFileSync(","                // buildCustomOrg-hack","                local.npmtest_jscs.__dirname +","                    '/lib.npmtest_jscs.js',","                'utf8'","            ).replace((/^#!/), '//');","        local.assetsDict['/favicon.ico'] = local.assetsDict['/favicon.ico'] || '';","        // if $npm_config_timeout_exit exists,","        // then exit this process after $npm_config_timeout_exit ms","        if (Number(process.env.npm_config_timeout_exit)) {","            setTimeout(process.exit, Number(process.env.npm_config_timeout_exit));","        }","        // start server","        if (local.global.utility2_serverHttp1) {","            break;","        }","        process.env.PORT = process.env.PORT || '8081';","        console.error('server starting on port ' + process.env.PORT);","        local.http.createServer(function (request, response) {","            request.urlParsed = local.url.parse(request.url);","            if (local.assetsDict[request.urlParsed.pathname] !== undefined) {","                response.end(local.assetsDict[request.urlParsed.pathname]);","                return;","            }","            response.statusCode = 404;","            response.end();","        }).listen(process.env.PORT);","        break;","    }","}());",""],"l":{"26":2,"28":2,"33":2,"35":2,"37":2,"38":2,"39":2,"44":1,"51":2,"55":2,"59":2,"61":2,"69":1,"70":2,"76":2,"79":2,"82":2,"83":2,"85":1,"89":2,"92":1,"93":1,"94":1,"96":1,"97":1,"100":1,"101":1,"103":1,"106":1,"108":2,"114":1,"116":1,"118":1,"123":1,"124":2,"125":2,"126":2,"127":2,"128":2,"129":2,"130":1,"133":2,"134":2,"139":2,"143":1,"144":3,"145":1,"149":1,"150":1,"158":1,"160":1,"161":1,"162":1,"164":1,"166":1,"258":1,"259":1,"271":1,"274":6,"275":6,"277":1,"279":2,"281":1,"283":2,"288":1,"289":1,"291":1,"294":1,"302":1,"305":1,"306":1,"309":1,"310":1,"312":1,"313":1,"314":1,"315":1,"316":1,"317":1,"318":1,"320":1,"321":1,"323":1}},"/home/travis/build/npmtest/node-npmtest-jscs/node_modules/jscs/lib/checker.js":{"path":"/home/travis/build/npmtest/node-npmtest-jscs/node_modules/jscs/lib/checker.js","s":{"1":1,"2":1,"3":1,"4":1,"5":1,"6":1,"7":1,"8":0,"9":1,"10":1,"11":0,"12":1,"13":0,"14":0,"15":1,"16":0,"17":0,"18":0,"19":0,"20":1,"21":0,"22":0,"23":0,"24":0,"25":0,"26":0,"27":1,"28":0,"29":0,"30":0,"31":0,"32":0,"33":0,"34":0,"35":0,"36":0,"37":0,"38":0,"39":0,"40":1,"41":0,"42":1,"43":0,"44":1,"45":0,"46":1,"47":0,"48":0,"49":0,"50":0,"51":0,"52":0,"53":0,"54":0,"55":0,"56":0,"57":0,"58":0,"59":0,"60":0,"61":1,"62":0,"63":0,"64":0,"65":0,"66":0,"67":0,"68":0,"69":0,"70":0,"71":0,"72":0,"73":1,"74":0,"75":1,"76":0,"77":1,"78":0,"79":0,"80":0,"81":0,"82":0,"83":0,"84":0,"85":0,"86":1,"87":0,"88":1},"b":{"1":[0,0],"2":[0,0],"3":[0,0],"4":[0,0],"5":[0,0],"6":[0,0],"7":[0,0],"8":[0,0],"9":[0,0],"10":[0,0],"11":[0,0],"12":[0,0]},"f":{"1":0,"2":0,"3":0,"4":0,"5":0,"6":0,"7":0,"8":0,"9":0,"10":0,"11":0,"12":0,"13":0,"14":0,"15":0,"16":0,"17":0,"18":0,"19":0,"20":0,"21":0,"22":0,"23":0,"24":0,"25":0,"26":0,"27":0,"28":0,"29":0,"30":0},"fnMap":{"1":{"name":"(anonymous_1)","line":15,"loc":{"start":{"line":15,"column":14},"end":{"line":15,"column":25}}},"2":{"name":"(anonymous_2)","line":26,"loc":{"start":{"line":26,"column":30},"end":{"line":26,"column":47}}},"3":{"name":"(anonymous_3)","line":35,"loc":{"start":{"line":35,"column":28},"end":{"line":35,"column":39}}},"4":{"name":"(anonymous_4)","line":47,"loc":{"start":{"line":47,"column":30},"end":{"line":47,"column":45}}},"5":{"name":"(anonymous_5)","line":52,"loc":{"start":{"line":52,"column":41},"end":{"line":52,"column":56}}},"6":{"name":"(anonymous_6)","line":63,"loc":{"start":{"line":63,"column":28},"end":{"line":63,"column":43}}},"7":{"name":"(anonymous_7)","line":68,"loc":{"start":{"line":68,"column":41},"end":{"line":68,"column":56}}},"8":{"name":"(anonymous_8)","line":70,"loc":{"start":{"line":70,"column":53},"end":{"line":70,"column":64}}},"9":{"name":"(anonymous_9)","line":82,"loc":{"start":{"line":82,"column":32},"end":{"line":82,"column":47}}},"10":{"name":"(anonymous_10)","line":91,"loc":{"start":{"line":91,"column":41},"end":{"line":91,"column":56}}},"11":{"name":"(anonymous_11)","line":94,"loc":{"start":{"line":94,"column":31},"end":{"line":94,"column":48}}},"12":{"name":"(anonymous_12)","line":95,"loc":{"start":{"line":95,"column":73},"end":{"line":95,"column":89}}},"13":{"name":"(anonymous_13)","line":112,"loc":{"start":{"line":112,"column":35},"end":{"line":112,"column":50}}},"14":{"name":"(anonymous_14)","line":122,"loc":{"start":{"line":122,"column":30},"end":{"line":122,"column":45}}},"15":{"name":"(anonymous_15)","line":132,"loc":{"start":{"line":132,"column":28},"end":{"line":132,"column":43}}},"16":{"name":"(anonymous_16)","line":143,"loc":{"start":{"line":143,"column":38},"end":{"line":143,"column":66}}},"17":{"name":"(anonymous_17)","line":144,"loc":{"start":{"line":144,"column":36},"end":{"line":144,"column":56}}},"18":{"name":"(anonymous_18)","line":145,"loc":{"start":{"line":145,"column":37},"end":{"line":145,"column":56}}},"19":{"name":"(anonymous_19)","line":152,"loc":{"start":{"line":152,"column":45},"end":{"line":152,"column":60}}},"20":{"name":"(anonymous_20)","line":167,"loc":{"start":{"line":167,"column":23},"end":{"line":167,"column":41}}},"21":{"name":"(anonymous_21)","line":180,"loc":{"start":{"line":180,"column":33},"end":{"line":180,"column":61}}},"22":{"name":"(anonymous_22)","line":183,"loc":{"start":{"line":183,"column":35},"end":{"line":183,"column":52}}},"23":{"name":"(anonymous_23)","line":188,"loc":{"start":{"line":188,"column":37},"end":{"line":188,"column":52}}},"24":{"name":"(anonymous_24)","line":193,"loc":{"start":{"line":193,"column":42},"end":{"line":193,"column":59}}},"25":{"name":"(anonymous_25)","line":209,"loc":{"start":{"line":209,"column":31},"end":{"line":209,"column":42}}},"26":{"name":"(anonymous_26)","line":218,"loc":{"start":{"line":218,"column":29},"end":{"line":218,"column":40}}},"27":{"name":"(anonymous_27)","line":227,"loc":{"start":{"line":227,"column":34},"end":{"line":227,"column":57}}},"28":{"name":"(anonymous_28)","line":233,"loc":{"start":{"line":233,"column":29},"end":{"line":233,"column":45}}},"29":{"name":"(anonymous_29)","line":237,"loc":{"start":{"line":237,"column":28},"end":{"line":237,"column":39}}},"30":{"name":"(anonymous_30)","line":250,"loc":{"start":{"line":250,"column":41},"end":{"line":250,"column":52}}}},"statementMap":{"1":{"start":{"line":1,"column":0},"end":{"line":1,"column":30}},"2":{"start":{"line":2,"column":0},"end":{"line":2,"column":25}},"3":{"start":{"line":3,"column":0},"end":{"line":3,"column":48}},"4":{"start":{"line":4,"column":0},"end":{"line":4,"column":40}},"5":{"start":{"line":5,"column":0},"end":{"line":5,"column":28}},"6":{"start":{"line":7,"column":0},"end":{"line":7,"column":63}},"7":{"start":{"line":15,"column":0},"end":{"line":17,"column":2}},"8":{"start":{"line":16,"column":4},"end":{"line":16,"column":41}},"9":{"start":{"line":19,"column":0},"end":{"line":19,"column":39}},"10":{"start":{"line":26,"column":0},"end":{"line":28,"column":2}},"11":{"start":{"line":27,"column":4},"end":{"line":27,"column":57}},"12":{"start":{"line":35,"column":0},"end":{"line":39,"column":2}},"13":{"start":{"line":36,"column":4},"end":{"line":36,"column":87}},"14":{"start":{"line":38,"column":4},"end":{"line":38,"column":41}},"15":{"start":{"line":47,"column":0},"end":{"line":55,"column":2}},"16":{"start":{"line":48,"column":4},"end":{"line":50,"column":5}},"17":{"start":{"line":49,"column":8},"end":{"line":49,"column":33}},"18":{"start":{"line":52,"column":4},"end":{"line":54,"column":13}},"19":{"start":{"line":53,"column":8},"end":{"line":53,"column":44}},"20":{"start":{"line":63,"column":0},"end":{"line":74,"column":2}},"21":{"start":{"line":64,"column":4},"end":{"line":66,"column":5}},"22":{"start":{"line":65,"column":8},"end":{"line":65,"column":33}},"23":{"start":{"line":68,"column":4},"end":{"line":73,"column":13}},"24":{"start":{"line":69,"column":8},"end":{"line":69,"column":48}},"25":{"start":{"line":70,"column":8},"end":{"line":72,"column":11}},"26":{"start":{"line":71,"column":12},"end":{"line":71,"column":33}},"27":{"start":{"line":82,"column":0},"end":{"line":104,"column":2}},"28":{"start":{"line":83,"column":4},"end":{"line":85,"column":5}},"29":{"start":{"line":84,"column":8},"end":{"line":84,"column":33}},"30":{"start":{"line":87,"column":4},"end":{"line":89,"column":5}},"31":{"start":{"line":88,"column":8},"end":{"line":88,"column":33}},"32":{"start":{"line":91,"column":4},"end":{"line":103,"column":13}},"33":{"start":{"line":92,"column":8},"end":{"line":92,"column":43}},"34":{"start":{"line":94,"column":8},"end":{"line":100,"column":17}},"35":{"start":{"line":95,"column":12},"end":{"line":99,"column":15}},"36":{"start":{"line":96,"column":16},"end":{"line":96,"column":42}},"37":{"start":{"line":97,"column":16},"end":{"line":97,"column":46}},"38":{"start":{"line":98,"column":16},"end":{"line":98,"column":39}},"39":{"start":{"line":102,"column":8},"end":{"line":102,"column":29}},"40":{"start":{"line":112,"column":0},"end":{"line":114,"column":2}},"41":{"start":{"line":113,"column":4},"end":{"line":113,"column":67}},"42":{"start":{"line":122,"column":0},"end":{"line":124,"column":2}},"43":{"start":{"line":123,"column":4},"end":{"line":123,"column":62}},"44":{"start":{"line":132,"column":0},"end":{"line":134,"column":2}},"45":{"start":{"line":133,"column":4},"end":{"line":133,"column":60}},"46":{"start":{"line":143,"column":0},"end":{"line":171,"column":2}},"47":{"start":{"line":144,"column":4},"end":{"line":170,"column":13}},"48":{"start":{"line":145,"column":8},"end":{"line":169,"column":11}},"49":{"start":{"line":146,"column":12},"end":{"line":146,"column":49}},"50":{"start":{"line":148,"column":12},"end":{"line":150,"column":13}},"51":{"start":{"line":149,"column":16},"end":{"line":149,"column":26}},"52":{"start":{"line":152,"column":12},"end":{"line":166,"column":21}},"53":{"start":{"line":153,"column":16},"end":{"line":155,"column":17}},"54":{"start":{"line":154,"column":20},"end":{"line":154,"column":73}},"55":{"start":{"line":157,"column":16},"end":{"line":163,"column":17}},"56":{"start":{"line":158,"column":20},"end":{"line":160,"column":21}},"57":{"start":{"line":159,"column":24},"end":{"line":159,"column":34}},"58":{"start":{"line":162,"column":20},"end":{"line":162,"column":54}},"59":{"start":{"line":165,"column":16},"end":{"line":165,"column":45}},"60":{"start":{"line":168,"column":12},"end":{"line":168,"column":48}},"61":{"start":{"line":180,"column":0},"end":{"line":202,"column":2}},"62":{"start":{"line":181,"column":4},"end":{"line":181,"column":35}},"63":{"start":{"line":183,"column":4},"end":{"line":201,"column":13}},"64":{"start":{"line":184,"column":8},"end":{"line":186,"column":9}},"65":{"start":{"line":185,"column":12},"end":{"line":185,"column":64}},"66":{"start":{"line":188,"column":8},"end":{"line":200,"column":17}},"67":{"start":{"line":189,"column":12},"end":{"line":191,"column":13}},"68":{"start":{"line":190,"column":16},"end":{"line":190,"column":65}},"69":{"start":{"line":193,"column":12},"end":{"line":199,"column":15}},"70":{"start":{"line":194,"column":16},"end":{"line":196,"column":17}},"71":{"start":{"line":195,"column":20},"end":{"line":195,"column":36}},"72":{"start":{"line":198,"column":16},"end":{"line":198,"column":26}},"73":{"start":{"line":209,"column":0},"end":{"line":211,"column":2}},"74":{"start":{"line":210,"column":4},"end":{"line":210,"column":59}},"75":{"start":{"line":218,"column":0},"end":{"line":220,"column":2}},"76":{"start":{"line":219,"column":4},"end":{"line":219,"column":57}},"77":{"start":{"line":227,"column":0},"end":{"line":242,"column":2}},"78":{"start":{"line":228,"column":4},"end":{"line":228,"column":22}},"79":{"start":{"line":229,"column":4},"end":{"line":229,"column":31}},"80":{"start":{"line":231,"column":4},"end":{"line":231,"column":38}},"81":{"start":{"line":233,"column":4},"end":{"line":235,"column":7}},"82":{"start":{"line":234,"column":8},"end":{"line":234,"column":29}},"83":{"start":{"line":237,"column":4},"end":{"line":239,"column":7}},"84":{"start":{"line":238,"column":8},"end":{"line":238,"column":58}},"85":{"start":{"line":241,"column":4},"end":{"line":241,"column":30}},"86":{"start":{"line":250,"column":0},"end":{"line":252,"column":2}},"87":{"start":{"line":251,"column":4},"end":{"line":251,"column":35}},"88":{"start":{"line":254,"column":0},"end":{"line":254,"column":25}}},"branchMap":{"1":{"line":36,"type":"cond-expr","locations":[{"start":{"line":36,"column":57},"end":{"line":36,"column":69}},{"start":{"line":36,"column":72},"end":{"line":36,"column":86}}]},"2":{"line":48,"type":"if","locations":[{"start":{"line":48,"column":4},"end":{"line":48,"column":4}},{"start":{"line":48,"column":4},"end":{"line":48,"column":4}}]},"3":{"line":64,"type":"if","locations":[{"start":{"line":64,"column":4},"end":{"line":64,"column":4}},{"start":{"line":64,"column":4},"end":{"line":64,"column":4}}]},"4":{"line":83,"type":"if","locations":[{"start":{"line":83,"column":4},"end":{"line":83,"column":4}},{"start":{"line":83,"column":4},"end":{"line":83,"column":4}}]},"5":{"line":87,"type":"if","locations":[{"start":{"line":87,"column":4},"end":{"line":87,"column":4}},{"start":{"line":87,"column":4},"end":{"line":87,"column":4}}]},"6":{"line":148,"type":"if","locations":[{"start":{"line":148,"column":12},"end":{"line":148,"column":12}},{"start":{"line":148,"column":12},"end":{"line":148,"column":12}}]},"7":{"line":153,"type":"if","locations":[{"start":{"line":153,"column":16},"end":{"line":153,"column":16}},{"start":{"line":153,"column":16},"end":{"line":153,"column":16}}]},"8":{"line":157,"type":"if","locations":[{"start":{"line":157,"column":16},"end":{"line":157,"column":16}},{"start":{"line":157,"column":16},"end":{"line":157,"column":16}}]},"9":{"line":158,"type":"if","locations":[{"start":{"line":158,"column":20},"end":{"line":158,"column":20}},{"start":{"line":158,"column":20},"end":{"line":158,"column":20}}]},"10":{"line":184,"type":"if","locations":[{"start":{"line":184,"column":8},"end":{"line":184,"column":8}},{"start":{"line":184,"column":8},"end":{"line":184,"column":8}}]},"11":{"line":189,"type":"if","locations":[{"start":{"line":189,"column":12},"end":{"line":189,"column":12}},{"start":{"line":189,"column":12},"end":{"line":189,"column":12}}]},"12":{"line":194,"type":"if","locations":[{"start":{"line":194,"column":16},"end":{"line":194,"column":16}},{"start":{"line":194,"column":16},"end":{"line":194,"column":16}}]}},"code":["var vowFs = require('vow-fs');","var Vow = require('vow');","var StringChecker = require('./string-checker');","var extractJs = require('./extract-js');","var utils = require('util');","","var NodeConfiguration = require('./config/node-configuration');","","/**"," * Starts Code Style checking process."," *"," * @name Checker"," * @see StringChecker constructor"," */","var Checker = function() {","    StringChecker.apply(this, arguments);","};","","utils.inherits(Checker, StringChecker);","","/**"," * Loads configuration from JS Object. Activates and configures required rules."," *"," * @param {Object} config"," */","Checker.prototype.configure = function(config) {","    StringChecker.prototype.configure.call(this, config);","};","","/**"," * Execute checker depending on config value either checks or checks and fixes"," *"," * @see Checker#checkPath/Checker#fixPath"," */","Checker.prototype.execute = function() {","    var method = this._configuration.getFix() === true ? this.fixPath : this.checkPath;","","    return method.apply(this, arguments);","};","","/**"," * Checks single file."," *"," * @param {String} path"," * @returns {Promise.<Errors>}"," */","Checker.prototype.checkFile = function(path) {","    if (this._configuration.isFileExcluded(path)) {","        return Vow.resolve(null);","    }","","    return vowFs.read(path, 'utf8').then(function(data) {","        return this.checkString(data, path);","    }, this);","};","","/**"," * Fixes single file."," *"," * @param {String} path"," * @returns {Promise.<Errors>}"," */","Checker.prototype.fixFile = function(path) {","    if (this._configuration.isFileExcluded(path)) {","        return Vow.resolve(null);","    }","","    return vowFs.read(path, 'utf8').then(function(data) {","        var result = this.fixString(data, path);","        return vowFs.write(path, result.output).then(function() {","            return result.errors;","        });","    }, this);","};","","/**"," * Extract JavaScript from file."," *"," * @param {String} path"," * @returns {Promise.<Errors>}"," */","Checker.prototype.extractFile = function(path) {","    if (this._configuration.isFileExcluded(path)) {","        return Vow.resolve(null);","    }","","    if (!this._configuration.shouldExtractFile(path)) {","        return Vow.resolve(null);","    }","","    return vowFs.read(path, 'utf8').then(function(data) {","        var result = extractJs(path, data);","","        result.sources.forEach(function(script) {","            this.checkString(script.source, path).getErrorList().forEach(function(error) {","                error.line += script.line;","                error.column += script.offset;","                result.addError(error);","            });","        }, this);","","        return result.errors;","    }, this);","};","","/**"," * Checks directory recursively."," *"," * @param {String} path"," * @returns {Promise.<Error[]>}"," */","Checker.prototype.checkDirectory = function(path) {","    return this._processDirectory(path, this.checkFile.bind(this));","};","","/**"," * Checks directory or file."," *"," * @param {String} path"," * @returns {Promise.<Error[]>}"," */","Checker.prototype.checkPath = function(path) {","    return this._processPath(path, this.checkFile.bind(this));","};","","/**"," * Fixes directory or file."," *"," * @param {String} path"," * @returns {Promise.<Error[]>}"," */","Checker.prototype.fixPath = function(path) {","    return this._processPath(path, this.fixFile.bind(this));","};","","/**"," * Processes directory recursively."," *"," * @param {String} path"," * @param {Function} fileHandler"," * @returns {Promise.<Error[]>}"," */","Checker.prototype._processDirectory = function(path, fileHandler) {","    return vowFs.listDir(path).then(function(filenames) {","        return Vow.all(filenames.map(function(filename) {","            var fullname = path + '/' + filename;","","            if (this._configuration.isFileExcluded(fullname)) {","                return [];","            }","","            return vowFs.stat(fullname).then(function(stat) {","                if (stat.isDirectory()) {","                    return this._processDirectory(fullname, fileHandler);","                }","","                if (!this._configuration.hasCorrectExtension(fullname)) {","                    if (!this._configuration.shouldExtractFile(fullname)) {","                        return [];","                    }","","                    return this.extractFile(fullname);","                }","","                return fileHandler(fullname);","            }, this);","        }, this)).then(function(results) {","            return [].concat.apply([], results);","        });","    }, this);","};","","/**"," * Processes directory or file."," *"," * @param {String} path"," * @param {Function} fileHandler"," * @returns {Promise.<Error[]>}"," */","Checker.prototype._processPath = function(path, fileHandler) {","    path = path.replace(/\\/$/, '');","","    return vowFs.exists(path).then(function(exists) {","        if (!exists) {","            throw new Error('Path ' + path + ' was not found.');","        }","","        return vowFs.stat(path).then(function(stat) {","            if (stat.isDirectory()) {","                return this._processDirectory(path, fileHandler);","            }","","            return fileHandler(path).then(function(errors) {","                if (errors) {","                    return [errors];","                }","","                return [];","            });","        }, this);","    }, this);","};","","/**"," * Checks stdin for input"," *"," * @returns {Promise}"," */","Checker.prototype.checkStdin = function() {","    return this._processStdin(this.checkString.bind(this));","};","","/**"," * Fixes stdin input"," *"," * @returns {Promise}"," */","Checker.prototype.fixStdin = function() {","    return this._processStdin(this.fixString.bind(this));","};","","/**"," *"," * @param {Function} stdinHandler"," * @returns {Promise}"," */","Checker.prototype._processStdin = function(stdinHandler) {","    var stdInput = [];","    var deferred = Vow.defer();","","    process.stdin.setEncoding('utf8');","","    process.stdin.on('data', function(chunk) {","        stdInput.push(chunk);","    });","","    process.stdin.on('end', function() {","        deferred.resolve(stdinHandler(stdInput.join('')));","    });","","    return deferred.promise();","};","","/**"," * Returns new configuration instance."," *"," * @protected"," * @returns {NodeConfiguration}"," */","Checker.prototype._createConfiguration = function() {","    return new NodeConfiguration();","};","","module.exports = Checker;",""],"l":{"1":1,"2":1,"3":1,"4":1,"5":1,"7":1,"15":1,"16":0,"19":1,"26":1,"27":0,"35":1,"36":0,"38":0,"47":1,"48":0,"49":0,"52":0,"53":0,"63":1,"64":0,"65":0,"68":0,"69":0,"70":0,"71":0,"82":1,"83":0,"84":0,"87":0,"88":0,"91":0,"92":0,"94":0,"95":0,"96":0,"97":0,"98":0,"102":0,"112":1,"113":0,"122":1,"123":0,"132":1,"133":0,"143":1,"144":0,"145":0,"146":0,"148":0,"149":0,"152":0,"153":0,"154":0,"157":0,"158":0,"159":0,"162":0,"165":0,"168":0,"180":1,"181":0,"183":0,"184":0,"185":0,"188":0,"189":0,"190":0,"193":0,"194":0,"195":0,"198":0,"209":1,"210":0,"218":1,"219":0,"227":1,"228":0,"229":0,"231":0,"233":0,"234":0,"237":0,"238":0,"241":0,"250":1,"251":0,"254":1}},"/home/travis/build/npmtest/node-npmtest-jscs/node_modules/jscs/lib/string-checker.js":{"path":"/home/travis/build/npmtest/node-npmtest-jscs/node_modules/jscs/lib/string-checker.js","s":{"1":1,"2":1,"3":1,"4":1,"5":1,"6":1,"7":0,"8":1,"9":0,"10":0,"11":0,"12":0,"13":0,"14":1,"15":0,"16":0,"17":0,"18":0,"19":0,"20":0,"21":0,"22":0,"23":0,"24":0,"25":0,"26":0,"27":0,"28":0,"29":0,"30":0,"31":0,"32":0,"33":0,"34":0,"35":0,"36":0,"37":0,"38":0,"39":0,"40":0,"41":0,"42":0,"43":0,"44":0,"45":0,"46":0,"47":0,"48":0,"49":0,"50":0,"51":0,"52":0,"53":0,"54":0,"55":0,"56":0,"57":0,"58":0,"59":0,"60":0,"61":0,"62":0,"63":0,"64":0,"65":0,"66":0,"67":0,"68":0,"69":0,"70":0,"71":0,"72":0,"73":0,"74":0,"75":0,"76":0,"77":0,"78":0,"79":0,"80":0,"81":0,"82":0,"83":0,"84":0,"85":0,"86":0,"87":0,"88":0,"89":0,"90":0,"91":0,"92":0,"93":0,"94":0,"95":0,"96":0,"97":0,"98":0,"99":0,"100":0,"101":0,"102":0,"103":0,"104":0,"105":0,"106":0,"107":0,"108":0,"109":1},"b":{"1":[0,0],"2":[0,0],"3":[0,0],"4":[0,0],"5":[0,0],"6":[0,0],"7":[0,0],"8":[0,0],"9":[0,0],"10":[0,0],"11":[0,0],"12":[0,0],"13":[0,0],"14":[0,0],"15":[0,0],"16":[0,0],"17":[0,0],"18":[0,0],"19":[0,0],"20":[0,0],"21":[0,0],"22":[0,0]},"f":{"1":0,"2":0,"3":0,"4":0,"5":0,"6":0,"7":0,"8":0,"9":0,"10":0,"11":0,"12":0,"13":0,"14":0,"15":0,"16":0,"17":0,"18":0,"19":0,"20":0,"21":0,"22":0,"23":0,"24":0,"25":0,"26":0},"fnMap":{"1":{"name":"getInternalErrorMessage","line":8,"loc":{"start":{"line":8,"column":0},"end":{"line":8,"column":42}}},"2":{"name":"(anonymous_2)","line":20,"loc":{"start":{"line":20,"column":20},"end":{"line":20,"column":31}}},"3":{"name":"(anonymous_3)","line":36,"loc":{"start":{"line":36,"column":18},"end":{"line":36,"column":33}}},"4":{"name":"(anonymous_4)","line":43,"loc":{"start":{"line":43,"column":26},"end":{"line":43,"column":37}}},"5":{"name":"(anonymous_5)","line":52,"loc":{"start":{"line":52,"column":24},"end":{"line":52,"column":35}}},"6":{"name":"(anonymous_6)","line":61,"loc":{"start":{"line":61,"column":15},"end":{"line":61,"column":32}}},"7":{"name":"(anonymous_7)","line":75,"loc":{"start":{"line":75,"column":17},"end":{"line":75,"column":44}}},"8":{"name":"(anonymous_8)","line":82,"loc":{"start":{"line":82,"column":38},"end":{"line":82,"column":59}}},"9":{"name":"(anonymous_9)","line":104,"loc":{"start":{"line":104,"column":21},"end":{"line":104,"column":37}}},"10":{"name":"(anonymous_10)","line":124,"loc":{"start":{"line":124,"column":23},"end":{"line":124,"column":45}}},"11":{"name":"(anonymous_11)","line":146,"loc":{"start":{"line":146,"column":16},"end":{"line":146,"column":39}}},"12":{"name":"(anonymous_12)","line":147,"loc":{"start":{"line":147,"column":38},"end":{"line":147,"column":54}}},"13":{"name":"(anonymous_13)","line":178,"loc":{"start":{"line":178,"column":18},"end":{"line":178,"column":41}}},"14":{"name":"(anonymous_14)","line":185,"loc":{"start":{"line":185,"column":38},"end":{"line":185,"column":53}}},"15":{"name":"(anonymous_15)","line":196,"loc":{"start":{"line":196,"column":62},"end":{"line":196,"column":81}}},"16":{"name":"(anonymous_16)","line":203,"loc":{"start":{"line":203,"column":22},"end":{"line":203,"column":38}}},"17":{"name":"(anonymous_17)","line":212,"loc":{"start":{"line":212,"column":35},"end":{"line":212,"column":50}}},"18":{"name":"(anonymous_18)","line":241,"loc":{"start":{"line":241,"column":20},"end":{"line":241,"column":55}}},"19":{"name":"(anonymous_19)","line":261,"loc":{"start":{"line":261,"column":27},"end":{"line":261,"column":54}}},"20":{"name":"(anonymous_20)","line":276,"loc":{"start":{"line":276,"column":15},"end":{"line":276,"column":42}}},"21":{"name":"(anonymous_21)","line":284,"loc":{"start":{"line":284,"column":32},"end":{"line":284,"column":53}}},"22":{"name":"(anonymous_22)","line":299,"loc":{"start":{"line":299,"column":58},"end":{"line":299,"column":72}}},"23":{"name":"(anonymous_23)","line":321,"loc":{"start":{"line":321,"column":22},"end":{"line":321,"column":33}}},"24":{"name":"(anonymous_24)","line":330,"loc":{"start":{"line":330,"column":23},"end":{"line":330,"column":34}}},"25":{"name":"(anonymous_25)","line":340,"loc":{"start":{"line":340,"column":26},"end":{"line":340,"column":37}}},"26":{"name":"(anonymous_26)","line":349,"loc":{"start":{"line":349,"column":22},"end":{"line":349,"column":33}}}},"statementMap":{"1":{"start":{"line":1,"column":0},"end":{"line":1,"column":33}},"2":{"start":{"line":2,"column":0},"end":{"line":2,"column":34}},"3":{"start":{"line":3,"column":0},"end":{"line":3,"column":42}},"4":{"start":{"line":4,"column":0},"end":{"line":4,"column":54}},"5":{"start":{"line":6,"column":0},"end":{"line":6,"column":25}},"6":{"start":{"line":8,"column":0},"end":{"line":13,"column":1}},"7":{"start":{"line":9,"column":4},"end":{"line":12,"column":71}},"8":{"start":{"line":20,"column":0},"end":{"line":28,"column":2}},"9":{"start":{"line":21,"column":4},"end":{"line":21,"column":31}},"10":{"start":{"line":23,"column":4},"end":{"line":23,"column":26}},"11":{"start":{"line":24,"column":4},"end":{"line":24,"column":36}},"12":{"start":{"line":26,"column":4},"end":{"line":26,"column":54}},"13":{"start":{"line":27,"column":4},"end":{"line":27,"column":49}},"14":{"start":{"line":30,"column":0},"end":{"line":352,"column":2}},"15":{"start":{"line":37,"column":8},"end":{"line":37,"column":47}},"16":{"start":{"line":44,"column":8},"end":{"line":44,"column":51}},"17":{"start":{"line":53,"column":8},"end":{"line":53,"column":56}},"18":{"start":{"line":62,"column":8},"end":{"line":62,"column":41}},"19":{"start":{"line":64,"column":8},"end":{"line":64,"column":73}},"20":{"start":{"line":65,"column":8},"end":{"line":65,"column":61}},"21":{"start":{"line":76,"column":8},"end":{"line":76,"column":39}},"22":{"start":{"line":78,"column":8},"end":{"line":78,"column":64}},"23":{"start":{"line":80,"column":8},"end":{"line":80,"column":38}},"24":{"start":{"line":82,"column":8},"end":{"line":86,"column":17}},"25":{"start":{"line":83,"column":12},"end":{"line":85,"column":13}},"26":{"start":{"line":84,"column":16},"end":{"line":84,"column":62}},"27":{"start":{"line":88,"column":8},"end":{"line":90,"column":9}},"28":{"start":{"line":89,"column":12},"end":{"line":89,"column":26}},"29":{"start":{"line":92,"column":8},"end":{"line":92,"column":40}},"30":{"start":{"line":94,"column":8},"end":{"line":94,"column":22}},"31":{"start":{"line":105,"column":8},"end":{"line":111,"column":9}},"32":{"start":{"line":109,"column":12},"end":{"line":109,"column":31}},"33":{"start":{"line":110,"column":12},"end":{"line":110,"column":24}},"34":{"start":{"line":113,"column":8},"end":{"line":113,"column":29}},"35":{"start":{"line":125,"column":8},"end":{"line":125,"column":52}},"36":{"start":{"line":126,"column":8},"end":{"line":126,"column":67}},"37":{"start":{"line":128,"column":8},"end":{"line":134,"column":9}},"38":{"start":{"line":132,"column":12},"end":{"line":132,"column":31}},"39":{"start":{"line":133,"column":12},"end":{"line":133,"column":39}},"40":{"start":{"line":136,"column":8},"end":{"line":136,"column":29}},"41":{"start":{"line":147,"column":8},"end":{"line":167,"column":17}},"42":{"start":{"line":148,"column":12},"end":{"line":150,"column":13}},"43":{"start":{"line":149,"column":16},"end":{"line":149,"column":23}},"44":{"start":{"line":152,"column":12},"end":{"line":166,"column":13}},"45":{"start":{"line":154,"column":16},"end":{"line":154,"column":58}},"46":{"start":{"line":157,"column":16},"end":{"line":159,"column":17}},"47":{"start":{"line":158,"column":20},"end":{"line":158,"column":56}},"48":{"start":{"line":161,"column":16},"end":{"line":161,"column":36}},"49":{"start":{"line":162,"column":16},"end":{"line":165,"column":18}},"50":{"start":{"line":179,"column":8},"end":{"line":181,"column":9}},"51":{"start":{"line":180,"column":12},"end":{"line":180,"column":19}},"52":{"start":{"line":183,"column":8},"end":{"line":183,"column":63}},"53":{"start":{"line":185,"column":8},"end":{"line":194,"column":17}},"54":{"start":{"line":186,"column":12},"end":{"line":186,"column":56}},"55":{"start":{"line":188,"column":12},"end":{"line":193,"column":13}},"56":{"start":{"line":189,"column":16},"end":{"line":189,"column":41}},"57":{"start":{"line":191,"column":16},"end":{"line":191,"column":55}},"58":{"start":{"line":192,"column":16},"end":{"line":192,"column":96}},"59":{"start":{"line":196,"column":8},"end":{"line":198,"column":11}},"60":{"start":{"line":197,"column":12},"end":{"line":197,"column":75}},"61":{"start":{"line":200,"column":8},"end":{"line":200,"column":40}},"62":{"start":{"line":201,"column":8},"end":{"line":201,"column":65}},"63":{"start":{"line":202,"column":8},"end":{"line":202,"column":51}},"64":{"start":{"line":203,"column":8},"end":{"line":209,"column":11}},"65":{"start":{"line":204,"column":12},"end":{"line":208,"column":13}},"66":{"start":{"line":205,"column":16},"end":{"line":205,"column":75}},"67":{"start":{"line":207,"column":16},"end":{"line":207,"column":28}},"68":{"start":{"line":212,"column":8},"end":{"line":214,"column":11}},"69":{"start":{"line":213,"column":12},"end":{"line":213,"column":62}},"70":{"start":{"line":216,"column":8},"end":{"line":218,"column":9}},"71":{"start":{"line":217,"column":12},"end":{"line":217,"column":39}},"72":{"start":{"line":220,"column":8},"end":{"line":228,"column":9}},"73":{"start":{"line":221,"column":12},"end":{"line":227,"column":13}},"74":{"start":{"line":222,"column":16},"end":{"line":222,"column":48}},"75":{"start":{"line":225,"column":16},"end":{"line":225,"column":103}},"76":{"start":{"line":226,"column":16},"end":{"line":226,"column":88}},"77":{"start":{"line":230,"column":8},"end":{"line":230,"column":52}},"78":{"start":{"line":242,"column":8},"end":{"line":244,"column":9}},"79":{"start":{"line":243,"column":12},"end":{"line":243,"column":19}},"80":{"start":{"line":246,"column":8},"end":{"line":246,"column":50}},"81":{"start":{"line":248,"column":8},"end":{"line":251,"column":9}},"82":{"start":{"line":249,"column":12},"end":{"line":249,"column":35}},"83":{"start":{"line":250,"column":12},"end":{"line":250,"column":75}},"84":{"start":{"line":262,"column":8},"end":{"line":266,"column":11}},"85":{"start":{"line":277,"column":8},"end":{"line":277,"column":39}},"86":{"start":{"line":279,"column":8},"end":{"line":279,"column":64}},"87":{"start":{"line":280,"column":8},"end":{"line":280,"column":38}},"88":{"start":{"line":282,"column":8},"end":{"line":282,"column":48}},"89":{"start":{"line":283,"column":8},"end":{"line":313,"column":9}},"90":{"start":{"line":284,"column":12},"end":{"line":286,"column":21}},"91":{"start":{"line":285,"column":16},"end":{"line":285,"column":62}},"92":{"start":{"line":288,"column":12},"end":{"line":288,"column":52}},"93":{"start":{"line":290,"column":12},"end":{"line":290,"column":28}},"94":{"start":{"line":291,"column":12},"end":{"line":310,"column":49}},"95":{"start":{"line":294,"column":16},"end":{"line":294,"column"
[...]
,"/home/travis/build/npmtest/node-npmtest-jscs/node_modules/jscs/lib/cli-config.js":{"path":"/home/travis/build/npmtest/node-npmtest-jscs/node_modules/jscs/lib/cli-config.js","s":{"1":1,"2":1,"3":1,"4":1,"5":1,"6":1,"7":1,"8":1,"9":1,"10":1,"11":1,"12":0,"13":0,"14":0,"15":0,"16":0,"17":0,"18":0,"19":0,"20":0,"21":0,"22":0,"23":0,"24":0,"25":0,"26":1,"27":0,"28":0,"29":0,"30":0,"31":0,"32":0,"33":0,"34":0,"35":0,"36":0,"37":0,"38":0,"39":0,"40":0,"41":0,"42":0,"43":0,"44":0,"45":0,"46":0,"47":0,"48":0,"49":0,"50":0,"51":0,"52":0,"53":0,"54":0,"55":0,"56":0,"57":0,"58":0,"59":1,"60":0,"61":0,"62":0,"63":0,"64":0,"65":0,"66":0,"67":0,"68":0,"69":0,"70":0,"71":0,"72":0,"73":0,"74":0,"75":0,"76":0,"77":0,"78":1,"79":0,"80":0,"81":0,"82":0,"83":0,"84":0,"85":0,"86":0,"87":0,"88":0,"89":0,"90":0,"91":0,"92":0,"93":0,"94":0,"95":0,"96":0},"b":{"1":[0,0],"2":[0,0],"3":[0,0],"4":[0,0],"5":[0,0],"6":[0,0],"7":[0,0],"8":[0,0],"9":[0,0],"10":[0,0],"11":[0,0],"12":[0,0],"13":[0,0],"14":[0,0],"15":[0,0],"16":[0,0],"17":[0,0],"18":[0,0],"19":[0,0],"20":[0,0],"21":[0,0],"22":[0,0],"23":[0,0],"24":[0,0],"25":[0,0]},"f":{"1":0,"2":0,"3":0,"4":0,"5":0,"6":0},"fnMap":{"1":{"name":"findup","line":21,"loc":{"start":{"line":21,"column":0},"end":{"line":21,"column":39}}},"2":{"name":"(anonymous_2)","line":32,"loc":{"start":{"line":32,"column":31},"end":{"line":32,"column":49}}},"3":{"name":"(anonymous_3)","line":56,"loc":{"start":{"line":56,"column":21},"end":{"line":56,"column":49}}},"4":{"name":"(anonymous_4)","line":130,"loc":{"start":{"line":130,"column":15},"end":{"line":130,"column":37}}},"5":{"name":"(anonymous_5)","line":140,"loc":{"start":{"line":140,"column":58},"end":{"line":140,"column":79}}},"6":{"name":"(anonymous_6)","line":177,"loc":{"start":{"line":177,"column":22},"end":{"line":177,"column":49}}}},"statementMap":{"1":{"start":{"line":5,"column":0},"end":{"line":5,"column":23}},"2":{"start":{"line":6,"column":0},"end":{"line":6,"column":27}},"3":{"start":{"line":8,"column":0},"end":{"line":8,"column":55}},"4":{"start":{"line":9,"column":0},"end":{"line":9,"column":30}},"5":{"start":{"line":10,"column":0},"end":{"line":10,"column":42}},"6":{"start":{"line":11,"column":0},"end":{"line":11,"column":51}},"7":{"start":{"line":12,"column":0},"end":{"line":12,"column":27}},"8":{"start":{"line":13,"column":0},"end":{"line":13,"column":33}},"9":{"start":{"line":14,"column":0},"end":{"line":14,"column":36}},"10":{"start":{"line":17,"column":0},"end":{"line":17,"column":70}},"11":{"start":{"line":21,"column":0},"end":{"line":47,"column":1}},"12":{"start":{"line":24,"column":4},"end":{"line":24,"column":17}},"13":{"start":{"line":25,"column":4},"end":{"line":25,"column":13}},"14":{"start":{"line":27,"column":4},"end":{"line":27,"column":37}},"15":{"start":{"line":28,"column":4},"end":{"line":28,"column":25}},"16":{"start":{"line":29,"column":4},"end":{"line":29,"column":44}},"17":{"start":{"line":31,"column":4},"end":{"line":46,"column":39}},"18":{"start":{"line":32,"column":8},"end":{"line":38,"column":14}},"19":{"start":{"line":33,"column":12},"end":{"line":33,"column":60}},"20":{"start":{"line":35,"column":12},"end":{"line":37,"column":13}},"21":{"start":{"line":36,"column":16},"end":{"line":36,"column":62}},"22":{"start":{"line":40,"column":8},"end":{"line":42,"column":9}},"23":{"start":{"line":41,"column":12},"end":{"line":41,"column":48}},"24":{"start":{"line":44,"column":8},"end":{"line":44,"column":31}},"25":{"start":{"line":45,"column":8},"end":{"line":45,"column":54}},"26":{"start":{"line":56,"column":0},"end":{"line":121,"column":2}},"27":{"start":{"line":57,"column":4},"end":{"line":59,"column":5}},"28":{"start":{"line":58,"column":8},"end":{"line":58,"column":15}},"29":{"start":{"line":61,"column":4},"end":{"line":63,"column":5}},"30":{"start":{"line":62,"column":8},"end":{"line":62,"column":34}},"31":{"start":{"line":65,"column":4},"end":{"line":65,"column":53}},"32":{"start":{"line":66,"column":4},"end":{"line":66,"column":12}},"33":{"start":{"line":67,"column":4},"end":{"line":67,"column":13}},"34":{"start":{"line":68,"column":4},"end":{"line":68,"column":16}},"35":{"start":{"line":69,"column":4},"end":{"line":69,"column":26}},"36":{"start":{"line":71,"column":4},"end":{"line":110,"column":5}},"37":{"start":{"line":72,"column":8},"end":{"line":72,"column":39}},"38":{"start":{"line":73,"column":8},"end":{"line":73,"column":39}},"39":{"start":{"line":75,"column":8},"end":{"line":103,"column":9}},"40":{"start":{"line":76,"column":12},"end":{"line":76,"column":42}},"41":{"start":{"line":78,"column":12},"end":{"line":78,"column":65}},"42":{"start":{"line":80,"column":12},"end":{"line":102,"column":13}},"43":{"start":{"line":81,"column":16},"end":{"line":81,"column":61}},"44":{"start":{"line":82,"column":19},"end":{"line":102,"column":13}},"45":{"start":{"line":83,"column":16},"end":{"line":83,"column":46}},"46":{"start":{"line":87,"column":16},"end":{"line":101,"column":17}},"47":{"start":{"line":88,"column":20},"end":{"line":88,"column":65}},"48":{"start":{"line":90,"column":20},"end":{"line":100,"column":21}},"49":{"start":{"line":91,"column":24},"end":{"line":91,"column":54}},"50":{"start":{"line":93,"column":24},"end":{"line":99,"column":25}},"51":{"start":{"line":95,"column":28},"end":{"line":95,"column":44}},"52":{"start":{"line":98,"column":28},"end":{"line":98,"column":44}},"53":{"start":{"line":106,"column":8},"end":{"line":109,"column":22}},"54":{"start":{"line":107,"column":12},"end":{"line":107,"column":77}},"55":{"start":{"line":108,"column":12},"end":{"line":108,"column":49}},"56":{"start":{"line":112,"column":4},"end":{"line":118,"column":5}},"57":{"start":{"line":115,"column":8},"end":{"line":117,"column":11}},"58":{"start":{"line":120,"column":4},"end":{"line":120,"column":79}},"59":{"start":{"line":130,"column":0},"end":{"line":168,"column":2}},"60":{"start":{"line":131,"column":4},"end":{"line":131,"column":16}},"61":{"start":{"line":132,"column":4},"end":{"line":132,"column":41}},"62":{"start":{"line":135,"column":4},"end":{"line":137,"column":5}},"63":{"start":{"line":136,"column":8},"end":{"line":136,"column":50}},"64":{"start":{"line":139,"column":4},"end":{"line":147,"column":6}},"65":{"start":{"line":141,"column":12},"end":{"line":143,"column":13}},"66":{"start":{"line":142,"column":16},"end":{"line":142,"column":53}},"67":{"start":{"line":145,"column":12},"end":{"line":145,"column":24}},"68":{"start":{"line":149,"column":4},"end":{"line":151,"column":5}},"69":{"start":{"line":150,"column":8},"end":{"line":150,"column":23}},"70":{"start":{"line":154,"column":4},"end":{"line":154,"column":89}},"71":{"start":{"line":155,"column":4},"end":{"line":167,"column":5}},"72":{"start":{"line":156,"column":8},"end":{"line":158,"column":9}},"73":{"start":{"line":157,"column":12},"end":{"line":157,"column":21}},"74":{"start":{"line":160,"column":8},"end":{"line":166,"column":9}},"75":{"start":{"line":161,"column":12},"end":{"line":161,"column":67}},"76":{"start":{"line":163,"column":12},"end":{"line":165,"column":13}},"77":{"start":{"line":164,"column":16},"end":{"line":164,"column":31}},"78":{"start":{"line":177,"column":0},"end":{"line":216,"column":2}},"79":{"start":{"line":178,"column":4},"end":{"line":178,"column":19}},"80":{"start":{"line":179,"column":4},"end":{"line":179,"column":15}},"81":{"start":{"line":181,"column":4},"end":{"line":183,"column":5}},"82":{"start":{"line":182,"column":8},"end":{"line":182,"column":22}},"83":{"start":{"line":185,"column":4},"end":{"line":197,"column":5}},"84":{"start":{"line":187,"column":8},"end":{"line":187,"column":39}},"85":{"start":{"line":188,"column":8},"end":{"line":188,"column":59}},"86":{"start":{"line":190,"column":8},"end":{"line":192,"column":9}},"87":{"start":{"line":191,"column":12},"end":{"line":191,"column":76}},"88":{"start":{"line":194,"column":8},"end":{"line":196,"column":10}},"89":{"start":{"line":199,"column":4},"end":{"line":203,"column":5}},"90":{"start":{"line":200,"column":8},"end":{"line":200,"column":37}},"91":{"start":{"line":202,"column":8},"end":{"line":202,"column":22}},"92":{"start":{"line":205,"column":4},"end":{"line":210,"column":5}},"93":{"start":{"line":206,"column":8},"end":{"line":209,"column":22}},"94":{"start":{"line":207,"column":12},"end":{"line":207,"column":39}},"95":{"start":{"line":208,"column":12},"end":{"line":208,"column":34}},"96":{"start":{"line":212,"column":4},"end":{"line":215,"column":6}}},"branchMap":{"1":{"line":35,"type":"if","locations":[{"start":{"line":35,"column":12},"end":{"line":35,"column":12}},{"start":{"line":35,"column":12},"end":{"line":35,"column":12}}]},"2":{"line":40,"type":"if","locations":[{"start":{"line":40,"column":8},"end":{"line":40,"column":8}},{"start":{"line":40,"column":8},"end":{"line":40,"column":8}}]},"3":{"line":57,"type":"if","locations":[{"start":{"line":57,"column":4},"end":{"line":57,"column":4}},{"start":{"line":57,"column":4},"end":{"line":57,"column":4}}]},"4":{"line":61,"type":"if","locations":[{"start":{"line":61,"column":4},"end":{"line":61,"column":4}},{"start":{"line":61,"column":4},"end":{"line":61,"column":4}}]},"5":{"line":71,"type":"if","locations":[{"start":{"line":71,"column":4},"end":{"line":71,"column":4}},{"start":{"line":71,"column":4},"end":{"line":71,"column":4}}]},"6":{"line":75,"type":"if","locations":[{"start":{"line":75,"column":8},"end":{"line":75,"column":8}},{"start":{"line":75,"column":8},"end":{"line":75,"column":8}}]},"7":{"line":80,"type":"if","locations":[{"start":{"line":80,"column":12},"end":{"line":80,"column":12}},{"start":{"line":80,"column":12},"end":{"line":80,"column":12}}]},"8":{"line":82,"type":"if","locations":[{"start":{"line":82,"column":19},"end":{"line":82,"column":19}},{"start":{"line":82,"column":19},"end":{"line":82,"column":19}}]},"9":{"line":93,"type":"if","locations":[{"start":{"line":93,"column":24},"end":{"line":93,"column":24}},{"start":{"line":93,"column":24},"end":{"line":93,"column":24}}]},"10":{"line":112,"type":"if","locations":[{"start":{"line":112,"column":4},"end":{"line":112,"column":4}},{"start":{"line":112,"column":4},"end":{"line":112,"column":4}}]},"11":{"line":116,"type":"binary-expr","locations":[{"start":{"line":116,"column":19},"end":{"line":116,"column":36}},{"start":{"line":116,"column":40},"end":{"line":116,"column":50}}]},"12":{"line":120,"type":"cond-expr","locations":[{"start":{"line":120,"column":50},"end":{"line":120,"column":68}},{"start":{"line":120,"column":71},"end":{"line":120,"column":78}}]},"13":{"line":120,"type":"binary-expr","locations":[{"start":{"line":120,"column":11},"end":{"line":120,"column":18}},{"start":{"line":120,"column":22},"end":{"line":120,"column":47}}]},"14":{"line":132,"type":"binary-expr","locations":[{"start":{"line":132,"column":20},"end":{"line":132,"column":23}},{"start":{"line":132,"column":27},"end":{"line":132,"column":40}}]},"15":{"line":135,"type":"if","locations":[{"start":{"line":135,"column":4},"end":{"line":135,"column":4}},{"start":{"line":135,"column":4},"end":{"line":135,"column":4}}]},"16":{"line":141,"type":"if","locations":[{"start":{"line":141,"column":12},"end":{"line":141,"column":12}},{"start":{"line":141,"column":12},"end":{"line":141,"column":12}}]},"17":{"line":149,"type":"if","locations":[{"start":{"line":149,"column":4},"end":{"line":149,"column":4}},{"start":{"line":149,"column":4},"end":{"line":149,"column":4}}]},"18":{"line":156,"type":"if","locations":[{"start":{"line":156,"column":8},"end":{"line":156,"column":8}},{"start":{"line":156,"column":8},"end":{"line":156,"column":8}}]},"19":{"line":163,"type":"if","locations":[{"start":{"line":163,"column":12},"end":{"line":163,"column":12}},{"start":{"line":163,"column":12},"end":{"line":163,"column":12}}]},"20":{"line":181,"type":"if","locations":[{"start":{"line":181,"column":4},"end":{"line":181,"column":4}},{"start":{"line":181,"column":4},"end":{"line":181,"column":4}}]},"21":{"line":185,"type":"if","locations":[{"start":{"line":185,"column":4},"end":{"line":185,"column":4}},{"start":{"line":185,"column":4},"end":{"line":185,"column":4}}]},"22":{"line":190,"type":"if","locations":[{"start":{"line":190,"column":8},"end":{"line":190,"column":8}},{"start":{"line":190,"column":8},"end":{"line":190,"column":8}}]},"23":{"line":195,"type":"cond-expr","locations":[{"start":{"line":195,"column":66},"end":{"line":195,"column":75}},{"start":{"line":195,"column":78},"end":{"line":195,"column":84}}]},"24":{"line":195,"type":"binary-expr","locations":[{"start":{"line":195,"column":40},"end":{"line":195,"column":46}},{"start":{"line":195,"column":50},"end":{"line":195,"column":63}}]},"25":{"line":205,"type":"if","locations":[{"start":{"line":205,"column":4},"end":{"line":205,"column":4}},{"start":{"line":205,"column":4},"end":{"line":205,"column":4}}]}},"code":["/**"," * Command line config helpers"," */","","var fs = require('fs');","var path = require('path');","","var stripJSONComments = require('strip-json-comments');","var yaml = require('js-yaml');","var parseJson = require('jsonlint').parse;","var supportsColor = require('chalk').supportsColor;","var glob = require('glob');","var resolve = require('resolve');","var stripBOM = require('strip-bom');","","// Configuration sources in priority order.","var configs = ['package.json', '.jscsrc', '.jscs.json', '.jscs.yaml'];","","// Before, \"findup-sync\" package was used,","// but it does not provide filter callback","function findup(patterns, options, fn) {","    /* jshint -W083 */","","    var lastpath;","    var file;","","    options = Object.create(options);","    options.maxDepth = 1;","    options.cwd = path.resolve(options.cwd);","","    do {","        file = patterns.filter(function(pattern) {","            var configPath = glob.sync(pattern, options)[0];","","            if (configPath) {","                return fn(path.join(options.cwd, configPath));","            }","        })[0];","","        if (file) {","            return path.join(options.cwd, file);","        }","","        lastpath = options.cwd;","        options.cwd = path.resolve(options.cwd, '..');","    } while (options.cwd !== lastpath);","}","","/**"," * Get content of the configuration file."," *"," * @param {String} config - partial path to configuration file"," * @param {String} directory - directory path which will be joined with config argument"," * @return {Object}"," */","exports.getContent = function(config, directory) {","    if (!config) {","        return;","    }","","    if (!directory) {","        directory = process.cwd();","    }","","    var configPath = path.resolve(directory, config);","    var ext;","    var data;","    var content;","    var requireConfigPath;","","    if (fs.existsSync(configPath)) {","        config = path.basename(config);","        ext = path.extname(configPath);","","        if (ext === '.js') {","            content = require(configPath);","        } else {","            data = stripBOM(fs.readFileSync(configPath, 'utf8'));","","            if (ext === '.json') {","                content = parseJson(stripJSONComments(data));","            } else if (ext === '.yaml') {","                content = yaml.safeLoad(data);","            } else {","                // try both JSON and YAML","","                try {","                    content = parseJson(stripJSONComments(data));","                } catch (jsonError) {","                    try {","                        content = yaml.safeLoad(data);","                    } catch (yamlError) {","                        if (stripJSONComments(data).trim()[0] === '{') {","                            // the intention was probably JSON","                            throw jsonError;","                        } else {","                            // assume the intention was YAML","                            throw yamlError;","                        }","                    }","                }","            }","        }","    } else {","        // Try to load it as a node module","        try {","            requireConfigPath = resolve.sync(config, { basedir: directory });","            content = require(requireConfigPath);","        } catch (e) {}","    }","","    if (content) {","        // Adding property via Object.defineProperty makes it","        // non-enumerable and avoids warning for unsupported rules","        Object.defineProperty(content, 'configPath', {","            value: requireConfigPath || configPath","        });","    }","","    return content && config === 'package.json' ? content.jscsConfig : content;","};","","/**"," * Get content of the configuration file."," *"," * @param {String} config - partial path to configuration file"," * @param {String} [cwd = process.cwd()] - directory path which will be joined with config argument"," * @return {Object|undefined}"," */","exports.load = function(config, cwd) {","    var content;","    var directory = cwd || process.cwd();","","    // If config option is given, attempt to load it","    if (config) {","        return this.getContent(config, directory);","    }","","    content = this.getContent(","        findup(configs, { nocase: true, cwd: directory }, function(configPath) {","            if (path.basename(configPath) === 'package.json') {","                return !!this.getContent(configPath);","            }","","            return true;","        }.bind(this))","    );","","    if (content) {","        return content;","    }","","    // Try to load standard configs from home dir","    var directoryArr = [process.env.USERPROFILE, process.env.HOMEPATH, process.env.HOME];","    for (var i = 0, dirLen = directoryArr.length; i < dirLen; i++) {","        if (!directoryArr[i]) {","            continue;","        }","","        for (var j = 0, len = configs.length; j < len; j++) {","            content = this.getContent(configs[j], directoryArr[i]);","","            if (content) {","                return content;","            }","        }","    }","};","","/**"," * Get reporter function and path to it."," *"," * @param {String} reporter - path or the name of one of the pre-defined reporters"," * @param {Boolean} [colors = true] - should it be a colorful output?"," * @return {{writer: Function, path: String}}"," */","exports.getReporter = function(reporter, colors) {","    var writerPath;","    var writer;","","    if (colors !== false) {","        colors = true;","    }","","    if (reporter) {","        // ensure reporter is a string (and allow non-string types to be coerced)","        reporter = reporter.toString();","        writerPath = path.resolve(process.cwd(), reporter);","","        if (!fs.existsSync(writerPath)) {","            writerPath = path.resolve(__dirname, './reporters/' + reporter);","        }","    } else {","        writerPath = path.resolve(","            __dirname, './reporters/', (colors && supportsColor ? 'console' : 'text')","        );","    }","","    try {","        writer = require(writerPath);","    } catch (e) {","        writer = null;","    }","","    if (!writer) {","        try {","            writer = require(reporter);","            writerPath = reporter;","        } catch (e) {}","    }","","    return {","        path: writerPath,","        writer: writer","    };","};",""],"l":{"5":1,"6":1,"8":1,"9":1,"10":1,"11":1,"12":1,"13":1,"14":1,"17":1,"21":1,"24":0,"25":0,"27":0,"28":0,"29":0,"31":0,"32":0,"33":0,"35":0,"36":0,"40":0,"41":0,"44":0,"45":0,"56":1,"57":0,"58":0,"61":0,"62":0,"65":0,"66":0,"67":0,"68":0,"69":0,"71":0,"72":0,"73":0,"75":0,"76":0,"78":0,"80":0,"81":0,"82":0,"83":0,"87":0,"88":0,"90":0,"91":0,"93":0,"95":0,"98":0,"106":0,"107":0,"108":0,"112":0,"115":0,"120":0,"130":1,"131":0,"132":0,"135":0,"136":0,"139":0,"141":0,"142":0,"145":0,"149":0,"150":0,"154":0,"155":0,"156":0,"157":0,"160":0,"161":0,"163":0,"164":0,"177":1,"178":0,"179":0,"181":0,"182":0,"185":0,"187":0,"188":0,"190":0,"191":0,"194":0,"199":0,"200":0,"202":0,"205":0,"206":0,"207":0,"208":0,"212":0}}}